{"meta": {"format": 3, "version": "7.13.1", "timestamp": "2026-01-04T15:26:53.669319", "branch_coverage": false, "show_contexts": false}, "files": {"opendemo\\__init__.py": {"executed_lines": [7, 8, 10, 11, 12, 15, 16, 18], "summary": {"covered_lines": 8, "num_statements": 8, "percent_covered": 100.0, "percent_covered_display": "100", "missing_lines": 0, "excluded_lines": 0, "percent_statements_covered": 100.0, "percent_statements_covered_display": "100"}, "missing_lines": [], "excluded_lines": [], "functions": {"": {"executed_lines": [7, 8, 10, 11, 12, 15, 16, 18], "summary": {"covered_lines": 8, "num_statements": 8, "percent_covered": 100.0, "percent_covered_display": "100", "missing_lines": 0, "excluded_lines": 0, "percent_statements_covered": 100.0, "percent_statements_covered_display": "100"}, "missing_lines": [], "excluded_lines": [], "start_line": 1}}, "classes": {"": {"executed_lines": [7, 8, 10, 11, 12, 15, 16, 18], "summary": {"covered_lines": 8, "num_statements": 8, "percent_covered": 100.0, "percent_covered_display": "100", "missing_lines": 0, "excluded_lines": 0, "percent_statements_covered": 100.0, "percent_statements_covered_display": "100"}, "missing_lines": [], "excluded_lines": [], "start_line": 1}}}, "opendemo\\cli.py": {"executed_lines": [], "summary": {"covered_lines": 0, "num_statements": 429, "percent_covered": 0.0, "percent_covered_display": "0", "missing_lines": 429, "excluded_lines": 0, "percent_statements_covered": 0.0, "percent_statements_covered_display": "0"}, "missing_lines": [7, 8, 9, 10, 11, 13, 14, 15, 16, 17, 18, 19, 20, 21, 22, 27, 30, 33, 36, 37, 38, 41, 42, 45, 56, 57, 59, 60, 62, 63, 65, 66, 67, 68, 69, 70, 80, 82, 94, 105, 108, 125, 126, 127, 130, 131, 134, 135, 136, 137, 140, 141, 143, 144, 145, 147, 148, 149, 150, 152, 153, 155, 156, 157, 159, 160, 162, 165, 167, 168, 170, 171, 172, 173, 175, 176, 178, 179, 182, 183, 184, 185, 186, 187, 190, 191, 192, 193, 194, 195, 197, 200, 221, 222, 225, 226, 227, 228, 230, 231, 232, 235, 238, 240, 242, 245, 247, 248, 250, 251, 252, 255, 257, 259, 261, 262, 264, 266, 267, 268, 269, 270, 272, 273, 275, 276, 279, 281, 282, 283, 285, 286, 287, 288, 289, 290, 291, 293, 294, 295, 296, 297, 299, 305, 313, 314, 316, 317, 318, 321, 322, 323, 324, 325, 336, 339, 340, 341, 342, 345, 346, 347, 348, 349, 350, 351, 354, 355, 357, 359, 368, 372, 373, 374, 375, 377, 378, 379, 382, 385, 388, 389, 392, 394, 395, 396, 399, 400, 403, 405, 406, 407, 410, 412, 413, 415, 416, 417, 420, 421, 423, 425, 428, 429, 430, 431, 434, 435, 436, 437, 439, 440, 441, 442, 443, 444, 447, 454, 455, 456, 458, 459, 461, 464, 465, 467, 470, 471, 472, 473, 482, 483, 484, 485, 488, 491, 492, 493, 494, 495, 497, 498, 501, 502, 503, 504, 507, 510, 511, 512, 513, 514, 516, 517, 518, 519, 520, 521, 524, 527, 530, 531, 532, 533, 535, 536, 543, 546, 547, 548, 549, 552, 555, 556, 557, 558, 560, 561, 562, 563, 564, 569, 572, 573, 575, 577, 578, 580, 583, 584, 586, 589, 597, 598, 599, 601, 602, 604, 607, 608, 610, 613, 616, 617, 619, 622, 623, 624, 626, 627, 628, 631, 632, 633, 634, 635, 642, 645, 646, 647, 648, 650, 651, 654, 655, 656, 662, 663, 665, 667, 668, 669, 670, 672, 675, 676, 678, 679, 680, 683, 684, 685, 695, 696, 697, 699, 701, 704, 706, 707, 710, 713, 715, 716, 718, 721, 722, 723, 724, 726, 727, 728, 734, 735, 736, 742, 745, 746, 747, 748, 749, 752, 753, 756, 757, 760, 762, 763, 765, 766, 768, 769, 770, 772, 773, 774, 775, 778, 780, 783, 788, 789, 790, 793, 794, 795, 796, 797, 800, 811, 814, 824, 826, 827, 828, 830, 831, 834, 835, 837, 838, 839, 841, 843, 844, 845, 848, 850, 851, 852, 853, 854, 855, 856, 857, 858, 859, 862, 863], "excluded_lines": [], "functions": {"cli": {"executed_lines": [], "summary": {"covered_lines": 0, "num_statements": 2, "percent_covered": 0.0, "percent_covered_display": "0", "missing_lines": 2, "excluded_lines": 0, "percent_statements_covered": 0.0, "percent_statements_covered_display": "0"}, "missing_lines": [41, 42], "excluded_lines": [], "start_line": 38}, "_scan_output_demos": {"executed_lines": [], "summary": {"covered_lines": 0, "num_statements": 16, "percent_covered": 0.0, "percent_covered_display": "0", "missing_lines": 16, "excluded_lines": 0, "percent_statements_covered": 0.0, "percent_statements_covered_display": "0"}, "missing_lines": [56, 57, 59, 60, 62, 63, 65, 66, 67, 68, 69, 70, 80, 82, 94, 105], "excluded_lines": [], "start_line": 45}, "_match_demo_in_output": {"executed_lines": [], "summary": {"covered_lines": 0, "num_statements": 26, "percent_covered": 0.0, "percent_covered_display": "0", "missing_lines": 26, "excluded_lines": 0, "percent_statements_covered": 0.0, "percent_statements_covered_display": "0"}, "missing_lines": [125, 126, 127, 130, 131, 134, 135, 136, 137, 140, 141, 143, 144, 145, 147, 148, 149, 150, 152, 153, 155, 156, 157, 159, 160, 162], "excluded_lines": [], "start_line": 108}, "_display_output_demo": {"executed_lines": [], "summary": {"covered_lines": 0, "num_statements": 23, "percent_covered": 0.0, "percent_covered_display": "0", "missing_lines": 23, "excluded_lines": 0, "percent_statements_covered": 0.0, "percent_statements_covered_display": "0"}, "missing_lines": [167, 168, 170, 171, 172, 173, 175, 176, 178, 179, 182, 183, 184, 185, 186, 187, 190, 191, 192, 193, 194, 195, 197], "excluded_lines": [], "start_line": 165}, "_handle_library_command": {"executed_lines": [], "summary": {"covered_lines": 0, "num_statements": 57, "percent_covered": 0.0, "percent_covered_display": "0", "missing_lines": 57, "excluded_lines": 0, "percent_statements_covered": 0.0, "percent_statements_covered_display": "0"}, "missing_lines": [221, 222, 225, 226, 227, 228, 230, 231, 232, 235, 238, 240, 242, 245, 247, 248, 250, 251, 252, 255, 257, 259, 261, 262, 264, 266, 267, 268, 269, 270, 272, 273, 275, 276, 279, 281, 282, 283, 285, 286, 287, 288, 289, 290, 291, 293, 294, 295, 296, 297, 299, 305, 313, 314, 316, 317, 318], "excluded_lines": [], "start_line": 200}, "get": {"executed_lines": [], "summary": {"covered_lines": 0, "num_statements": 72, "percent_covered": 0.0, "percent_covered_display": "0", "missing_lines": 72, "excluded_lines": 0, "percent_statements_covered": 0.0, "percent_statements_covered_display": "0"}, "missing_lines": [336, 339, 340, 341, 342, 345, 346, 347, 348, 349, 350, 351, 354, 355, 357, 359, 368, 372, 373, 374, 375, 377, 378, 379, 382, 385, 388, 389, 392, 394, 395, 396, 399, 400, 403, 405, 406, 407, 410, 412, 413, 415, 416, 417, 420, 421, 423, 425, 428, 429, 430, 431, 434, 435, 436, 437, 439, 440, 441, 442, 443, 444, 447, 454, 455, 456, 458, 459, 461, 464, 465, 467], "excluded_lines": [], "start_line": 325}, "search": {"executed_lines": [], "summary": {"covered_lines": 0, "num_statements": 30, "percent_covered": 0.0, "percent_covered_display": "0", "missing_lines": 30, "excluded_lines": 0, "percent_statements_covered": 0.0, "percent_statements_covered_display": "0"}, "missing_lines": [482, 483, 484, 485, 488, 491, 492, 493, 494, 495, 497, 498, 501, 502, 503, 504, 507, 510, 511, 512, 513, 514, 516, 517, 518, 519, 520, 521, 524, 527], "excluded_lines": [], "start_line": 473}, "new": {"executed_lines": [], "summary": {"covered_lines": 0, "num_statements": 36, "percent_covered": 0.0, "percent_covered_display": "0", "missing_lines": 36, "excluded_lines": 0, "percent_statements_covered": 0.0, "percent_statements_covered_display": "0"}, "missing_lines": [543, 546, 547, 548, 549, 552, 555, 556, 557, 558, 560, 561, 562, 563, 564, 569, 572, 573, 575, 577, 578, 580, 583, 584, 586, 589, 597, 598, 599, 601, 602, 604, 607, 608, 610, 613], "excluded_lines": [], "start_line": 536}, "config": {"executed_lines": [], "summary": {"covered_lines": 0, "num_statements": 1, "percent_covered": 0.0, "percent_covered_display": "0", "missing_lines": 1, "excluded_lines": 0, "percent_statements_covered": 0.0, "percent_statements_covered_display": "0"}, "missing_lines": [619], "excluded_lines": [], "start_line": 617}, "config_init": {"executed_lines": [], "summary": {"covered_lines": 0, "num_statements": 3, "percent_covered": 0.0, "percent_covered_display": "0", "missing_lines": 3, "excluded_lines": 0, "percent_statements_covered": 0.0, "percent_statements_covered_display": "0"}, "missing_lines": [626, 627, 628], "excluded_lines": [], "start_line": 624}, "config_set": {"executed_lines": [], "summary": {"covered_lines": 0, "num_statements": 7, "percent_covered": 0.0, "percent_covered_display": "0", "missing_lines": 7, "excluded_lines": 0, "percent_statements_covered": 0.0, "percent_statements_covered_display": "0"}, "missing_lines": [642, 645, 646, 647, 648, 650, 651], "excluded_lines": [], "start_line": 635}, "config_get": {"executed_lines": [], "summary": {"covered_lines": 0, "num_statements": 8, "percent_covered": 0.0, "percent_covered_display": "0", "missing_lines": 8, "excluded_lines": 0, "percent_statements_covered": 0.0, "percent_statements_covered_display": "0"}, "missing_lines": [662, 663, 665, 667, 668, 669, 670, 672], "excluded_lines": [], "start_line": 656}, "config_list": {"executed_lines": [], "summary": {"covered_lines": 0, "num_statements": 3, "percent_covered": 0.0, "percent_covered_display": "0", "missing_lines": 3, "excluded_lines": 0, "percent_statements_covered": 0.0, "percent_statements_covered_display": "0"}, "missing_lines": [678, 679, 680], "excluded_lines": [], "start_line": 676}, "check": {"executed_lines": [], "summary": {"covered_lines": 0, "num_statements": 33, "percent_covered": 0.0, "percent_covered_display": "0", "missing_lines": 33, "excluded_lines": 0, "percent_statements_covered": 0.0, "percent_statements_covered_display": "0"}, "missing_lines": [695, 696, 697, 699, 701, 704, 706, 707, 710, 713, 715, 716, 718, 721, 722, 723, 724, 726, 727, 728, 734, 735, 736, 742, 745, 746, 747, 748, 749, 752, 753, 756, 757], "excluded_lines": [], "start_line": 685}, "_verify_demo": {"executed_lines": [], "summary": {"covered_lines": 0, "num_statements": 11, "percent_covered": 0.0, "percent_covered_display": "0", "missing_lines": 11, "excluded_lines": 0, "percent_statements_covered": 0.0, "percent_statements_covered_display": "0"}, "missing_lines": [762, 763, 765, 766, 768, 769, 770, 772, 773, 774, 775], "excluded_lines": [], "start_line": 760}, "_display_demo_result": {"executed_lines": [], "summary": {"covered_lines": 0, "num_statements": 12, "percent_covered": 0.0, "percent_covered_display": "0", "missing_lines": 12, "excluded_lines": 0, "percent_statements_covered": 0.0, "percent_statements_covered_display": "0"}, "missing_lines": [780, 783, 788, 789, 790, 793, 794, 795, 796, 797, 800, 811], "excluded_lines": [], "start_line": 778}, "_update_readme_after_new": {"executed_lines": [], "summary": {"covered_lines": 0, "num_statements": 15, "percent_covered": 0.0, "percent_covered_display": "0", "missing_lines": 15, "excluded_lines": 0, "percent_statements_covered": 0.0, "percent_statements_covered_display": "0"}, "missing_lines": [824, 826, 827, 828, 830, 831, 834, 835, 837, 838, 839, 841, 843, 844, 845], "excluded_lines": [], "start_line": 814}, "main": {"executed_lines": [], "summary": {"covered_lines": 0, "num_statements": 10, "percent_covered": 0.0, "percent_covered_display": "0", "missing_lines": 10, "excluded_lines": 0, "percent_statements_covered": 0.0, "percent_statements_covered_display": "0"}, "missing_lines": [850, 851, 852, 853, 854, 855, 856, 857, 858, 859], "excluded_lines": [], "start_line": 848}, "": {"executed_lines": [], "summary": {"covered_lines": 0, "num_statements": 64, "percent_covered": 0.0, "percent_covered_display": "0", "missing_lines": 64, "excluded_lines": 0, "percent_statements_covered": 0.0, "percent_statements_covered_display": "0"}, "missing_lines": [7, 8, 9, 10, 11, 13, 14, 15, 16, 17, 18, 19, 20, 21, 22, 27, 30, 33, 36, 37, 38, 45, 108, 165, 200, 321, 322, 323, 324, 325, 470, 471, 472, 473, 530, 531, 532, 533, 535, 536, 616, 617, 622, 623, 624, 631, 632, 633, 634, 635, 654, 655, 656, 675, 676, 683, 684, 685, 760, 778, 814, 848, 862, 863], "excluded_lines": [], "start_line": 1}}, "classes": {"": {"executed_lines": [], "summary": {"covered_lines": 0, "num_statements": 429, "percent_covered": 0.0, "percent_covered_display": "0", "missing_lines": 429, "excluded_lines": 0, "percent_statements_covered": 0.0, "percent_statements_covered_display": "0"}, "missing_lines": [7, 8, 9, 10, 11, 13, 14, 15, 16, 17, 18, 19, 20, 21, 22, 27, 30, 33, 36, 37, 38, 41, 42, 45, 56, 57, 59, 60, 62, 63, 65, 66, 67, 68, 69, 70, 80, 82, 94, 105, 108, 125, 126, 127, 130, 131, 134, 135, 136, 137, 140, 141, 143, 144, 145, 147, 148, 149, 150, 152, 153, 155, 156, 157, 159, 160, 162, 165, 167, 168, 170, 171, 172, 173, 175, 176, 178, 179, 182, 183, 184, 185, 186, 187, 190, 191, 192, 193, 194, 195, 197, 200, 221, 222, 225, 226, 227, 228, 230, 231, 232, 235, 238, 240, 242, 245, 247, 248, 250, 251, 252, 255, 257, 259, 261, 262, 264, 266, 267, 268, 269, 270, 272, 273, 275, 276, 279, 281, 282, 283, 285, 286, 287, 288, 289, 290, 291, 293, 294, 295, 296, 297, 299, 305, 313, 314, 316, 317, 318, 321, 322, 323, 324, 325, 336, 339, 340, 341, 342, 345, 346, 347, 348, 349, 350, 351, 354, 355, 357, 359, 368, 372, 373, 374, 375, 377, 378, 379, 382, 385, 388, 389, 392, 394, 395, 396, 399, 400, 403, 405, 406, 407, 410, 412, 413, 415, 416, 417, 420, 421, 423, 425, 428, 429, 430, 431, 434, 435, 436, 437, 439, 440, 441, 442, 443, 444, 447, 454, 455, 456, 458, 459, 461, 464, 465, 467, 470, 471, 472, 473, 482, 483, 484, 485, 488, 491, 492, 493, 494, 495, 497, 498, 501, 502, 503, 504, 507, 510, 511, 512, 513, 514, 516, 517, 518, 519, 520, 521, 524, 527, 530, 531, 532, 533, 535, 536, 543, 546, 547, 548, 549, 552, 555, 556, 557, 558, 560, 561, 562, 563, 564, 569, 572, 573, 575, 577, 578, 580, 583, 584, 586, 589, 597, 598, 599, 601, 602, 604, 607, 608, 610, 613, 616, 617, 619, 622, 623, 624, 626, 627, 628, 631, 632, 633, 634, 635, 642, 645, 646, 647, 648, 650, 651, 654, 655, 656, 662, 663, 665, 667, 668, 669, 670, 672, 675, 676, 678, 679, 680, 683, 684, 685, 695, 696, 697, 699, 701, 704, 706, 707, 710, 713, 715, 716, 718, 721, 722, 723, 724, 726, 727, 728, 734, 735, 736, 742, 745, 746, 747, 748, 749, 752, 753, 756, 757, 760, 762, 763, 765, 766, 768, 769, 770, 772, 773, 774, 775, 778, 780, 783, 788, 789, 790, 793, 794, 795, 796, 797, 800, 811, 814, 824, 826, 827, 828, 830, 831, 834, 835, 837, 838, 839, 841, 843, 844, 845, 848, 850, 851, 852, 853, 854, 855, 856, 857, 858, 859, 862, 863], "excluded_lines": [], "start_line": 1}}}, "opendemo\\core\\__init__.py": {"executed_lines": [3, 4, 5, 6, 7, 8, 11, 12, 14], "summary": {"covered_lines": 9, "num_statements": 9, "percent_covered": 100.0, "percent_covered_display": "100", "missing_lines": 0, "excluded_lines": 0, "percent_statements_covered": 100.0, "percent_statements_covered_display": "100"}, "missing_lines": [], "excluded_lines": [], "functions": {"": {"executed_lines": [3, 4, 5, 6, 7, 8, 11, 12, 14], "summary": {"covered_lines": 9, "num_statements": 9, "percent_covered": 100.0, "percent_covered_display": "100", "missing_lines": 0, "excluded_lines": 0, "percent_statements_covered": 100.0, "percent_statements_covered_display": "100"}, "missing_lines": [], "excluded_lines": [], "start_line": 1}}, "classes": {"": {"executed_lines": [3, 4, 5, 6, 7, 8, 11, 12, 14], "summary": {"covered_lines": 9, "num_statements": 9, "percent_covered": 100.0, "percent_covered_display": "100", "missing_lines": 0, "excluded_lines": 0, "percent_statements_covered": 100.0, "percent_statements_covered_display": "100"}, "missing_lines": [], "excluded_lines": [], "start_line": 1}}}, "opendemo\\core\\demo_generator.py": {"executed_lines": [6, 7, 8, 9, 11, 14, 17, 30, 115], "summary": {"covered_lines": 9, "num_statements": 46, "percent_covered": 19.565217391304348, "percent_covered_display": "20", "missing_lines": 37, "excluded_lines": 0, "percent_statements_covered": 19.565217391304348, "percent_statements_covered_display": "20"}, "missing_lines": [26, 27, 28, 53, 56, 58, 59, 60, 63, 64, 67, 68, 69, 70, 71, 72, 76, 77, 79, 80, 82, 84, 97, 98, 99, 102, 112, 113, 131, 132, 133, 134, 137, 138, 139, 142, 145], "excluded_lines": [], "functions": {"DemoGenerator.__init__": {"executed_lines": [], "summary": {"covered_lines": 0, "num_statements": 3, "percent_covered": 0.0, "percent_covered_display": "0", "missing_lines": 3, "excluded_lines": 0, "percent_statements_covered": 0.0, "percent_statements_covered_display": "0"}, "missing_lines": [26, 27, 28], "excluded_lines": [], "start_line": 17}, "DemoGenerator.generate": {"executed_lines": [], "summary": {"covered_lines": 0, "num_statements": 25, "percent_covered": 0.0, "percent_covered_display": "0", "missing_lines": 25, "excluded_lines": 0, "percent_statements_covered": 0.0, "percent_statements_covered_display": "0"}, "missing_lines": [53, 56, 58, 59, 60, 63, 64, 67, 68, 69, 70, 71, 72, 76, 77, 79, 80, 82, 84, 97, 98, 99, 102, 112, 113], "excluded_lines": [], "start_line": 30}, "DemoGenerator.regenerate": {"executed_lines": [], "summary": {"covered_lines": 0, "num_statements": 9, "percent_covered": 0.0, "percent_covered_display": "0", "missing_lines": 9, "excluded_lines": 0, "percent_statements_covered": 0.0, "percent_statements_covered_display": "0"}, "missing_lines": [131, 132, 133, 134, 137, 138, 139, 142, 145], "excluded_lines": [], "start_line": 115}, "": {"executed_lines": [6, 7, 8, 9, 11, 14, 17, 30, 115], "summary": {"covered_lines": 9, "num_statements": 9, "percent_covered": 100.0, "percent_covered_display": "100", "missing_lines": 0, "excluded_lines": 0, "percent_statements_covered": 100.0, "percent_statements_covered_display": "100"}, "missing_lines": [], "excluded_lines": [], "start_line": 1}}, "classes": {"DemoGenerator": {"executed_lines": [], "summary": {"covered_lines": 0, "num_statements": 37, "percent_covered": 0.0, "percent_covered_display": "0", "missing_lines": 37, "excluded_lines": 0, "percent_statements_covered": 0.0, "percent_statements_covered_display": "0"}, "missing_lines": [26, 27, 28, 53, 56, 58, 59, 60, 63, 64, 67, 68, 69, 70, 71, 72, 76, 77, 79, 80, 82, 84, 97, 98, 99, 102, 112, 113, 131, 132, 133, 134, 137, 138, 139, 142, 145], "excluded_lines": [], "start_line": 14}, "": {"executed_lines": [6, 7, 8, 9, 11, 14, 17, 30, 115], "summary": {"covered_lines": 9, "num_statements": 9, "percent_covered": 100.0, "percent_covered_display": "100", "missing_lines": 0, "excluded_lines": 0, "percent_statements_covered": 100.0, "percent_statements_covered_display": "100"}, "missing_lines": [], "excluded_lines": [], "start_line": 1}}}, "opendemo\\core\\demo_repository.py": {"executed_lines": [8, 9, 10, 11, 12, 14, 17, 20, 28, 29, 31, 32, 34, 36, 37, 39, 41, 42, 44, 46, 47, 49, 51, 52, 54, 56, 57, 59, 61, 63, 75, 81, 90, 91, 92, 95, 96, 97, 98, 102, 113, 114, 115, 118, 119, 120, 122, 123, 124, 126, 137, 138, 140, 145, 147, 231, 264, 285, 317, 358, 410, 471, 500, 588, 661, 697, 717, 754, 782, 818, 849, 862, 864, 866, 868, 871, 872, 874, 875, 878, 879, 882, 892, 894, 895, 896, 897, 898, 899, 900, 901, 902, 904, 906, 907, 908, 909, 910, 912, 915, 917, 976, 1016, 1058, 1068], "summary": {"covered_lines": 105, "num_statements": 386, "percent_covered": 27.202072538860104, "percent_covered_display": "27", "missing_lines": 281, "excluded_lines": 0, "percent_statements_covered": 27.202072538860104, "percent_statements_covered_display": "27"}, "missing_lines": [141, 142, 143, 179, 180, 183, 184, 187, 188, 190, 194, 195, 197, 200, 202, 205, 220, 226, 227, 229, 242, 244, 245, 248, 249, 250, 253, 254, 255, 257, 258, 260, 261, 262, 275, 276, 278, 280, 281, 283, 295, 298, 299, 300, 303, 304, 306, 313, 332, 333, 336, 339, 340, 341, 344, 345, 346, 347, 349, 351, 375, 376, 378, 381, 382, 383, 386, 387, 389, 390, 391, 395, 397, 401, 404, 405, 406, 408, 421, 422, 424, 427, 429, 430, 431, 432, 434, 439, 440, 443, 444, 445, 449, 450, 451, 452, 454, 455, 458, 459, 460, 461, 462, 463, 466, 467, 469, 487, 488, 489, 492, 494, 517, 520, 521, 523, 526, 527, 532, 533, 536, 539, 540, 541, 545, 551, 552, 555, 561, 562, 565, 571, 572, 574, 575, 576, 577, 580, 583, 584, 586, 606, 607, 613, 614, 615, 616, 617, 621, 628, 629, 630, 631, 634, 641, 642, 643, 644, 647, 654, 655, 656, 657, 659, 678, 679, 680, 682, 685, 686, 688, 690, 691, 693, 707, 708, 710, 711, 712, 713, 714, 715, 727, 730, 731, 732, 733, 736, 737, 738, 740, 742, 743, 746, 747, 748, 749, 750, 752, 765, 766, 767, 769, 772, 773, 776, 777, 778, 780, 793, 795, 796, 797, 800, 801, 802, 803, 806, 816, 828, 845, 867, 880, 903, 905, 911, 913, 932, 935, 936, 939, 947, 948, 949, 950, 951, 952, 953, 954, 957, 965, 966, 967, 968, 969, 970, 971, 972, 974, 986, 988, 990, 991, 994, 995, 996, 997, 998, 1000, 1011, 1012, 1014, 1032, 1033, 1036, 1039, 1040, 1043, 1044, 1045, 1048, 1049, 1050, 1053, 1054, 1056, 1060, 1061, 1062, 1063, 1064], "excluded_lines": [], "functions": {"Demo.__init__": {"executed_lines": [28, 29], "summary": {"covered_lines": 2, "num_statements": 2, "percent_covered": 100.0, "percent_covered_display": "100", "missing_lines": 0, "excluded_lines": 0, "percent_statements_covered": 100.0, "percent_statements_covered_display": "100"}, "missing_lines": [], "excluded_lines": [], "start_line": 20}, "Demo.name": {"executed_lines": [34], "summary": {"covered_lines": 1, "num_statements": 1, "percent_covered": 100.0, "percent_covered_display": "100", "missing_lines": 0, "excluded_lines": 0, "percent_statements_covered": 100.0, "percent_statements_covered_display": "100"}, "missing_lines": [], "excluded_lines": [], "start_line": 32}, "Demo.language": {"executed_lines": [39], "summary": {"covered_lines": 1, "num_statements": 1, "percent_covered": 100.0, "percent_covered_display": "100", "missing_lines": 0, "excluded_lines": 0, "percent_statements_covered": 100.0, "percent_statements_covered_display": "100"}, "missing_lines": [], "excluded_lines": [], "start_line": 37}, "Demo.keywords": {"executed_lines": [44], "summary": {"covered_lines": 1, "num_statements": 1, "percent_covered": 100.0, "percent_covered_display": "100", "missing_lines": 0, "excluded_lines": 0, "percent_statements_covered": 100.0, "percent_statements_covered_display": "100"}, "missing_lines": [], "excluded_lines": [], "start_line": 42}, "Demo.description": {"executed_lines": [49], "summary": {"covered_lines": 1, "num_statements": 1, "percent_covered": 100.0, "percent_covered_display": "100", "missing_lines": 0, "excluded_lines": 0, "percent_statements_covered": 100.0, "percent_statements_covered_display": "100"}, "missing_lines": [], "excluded_lines": [], "start_line": 47}, "Demo.difficulty": {"executed_lines": [54], "summary": {"covered_lines": 1, "num_statements": 1, "percent_covered": 100.0, "percent_covered_display": "100", "missing_lines": 0, "excluded_lines": 0, "percent_statements_covered": 100.0, "percent_statements_covered_display": "100"}, "missing_lines": [], "excluded_lines": [], "start_line": 52}, "Demo.verified": {"executed_lines": [59], "summary": {"covered_lines": 1, "num_statements": 1, "percent_covered": 100.0, "percent_covered_display": "100", "missing_lines": 0, "excluded_lines": 0, "percent_statements_covered": 100.0, "percent_statements_covered_display": "100"}, "missing_lines": [], "excluded_lines": [], "start_line": 57}, "Demo.to_dict": {"executed_lines": [63], "summary": {"covered_lines": 1, "num_statements": 1, "percent_covered": 100.0, "percent_covered_display": "100", "missing_lines": 0, "excluded_lines": 0, "percent_statements_covered": 100.0, "percent_statements_covered_display": "100"}, "missing_lines": [], "excluded_lines": [], "start_line": 61}, "DemoRepository.__init__": {"executed_lines": [90, 91, 92, 95, 96, 97, 98], "summary": {"covered_lines": 7, "num_statements": 7, "percent_covered": 100.0, "percent_covered_display": "100", "missing_lines": 0, "excluded_lines": 0, "percent_statements_covered": 100.0, "percent_statements_covered_display": "100"}, "missing_lines": [], "excluded_lines": [], "start_line": 81}, "DemoRepository.load_demo": {"executed_lines": [113, 114, 115, 118, 119, 120, 122, 123, 124], "summary": {"covered_lines": 9, "num_statements": 9, "percent_covered": 100.0, "percent_covered_display": "100", "missing_lines": 0, "excluded_lines": 0, "percent_statements_covered": 100.0, "percent_statements_covered_display": "100"}, "missing_lines": [], "excluded_lines": [], "start_line": 102}, "DemoRepository.load_all_demos": {"executed_lines": [137, 138, 140, 145], "summary": {"covered_lines": 4, "num_statements": 7, "percent_covered": 57.142857142857146, "percent_covered_display": "57", "missing_lines": 3, "excluded_lines": 0, "percent_statements_covered": 57.142857142857146, "percent_statements_covered_display": "57"}, "missing_lines": [141, 142, 143], "excluded_lines": [], "start_line": 126}, "DemoRepository.create_demo": {"executed_lines": [], "summary": {"covered_lines": 0, "num_statements": 17, "percent_covered": 0.0, "percent_covered_display": "0", "missing_lines": 17, "excluded_lines": 0, "percent_statements_covered": 0.0, "percent_statements_covered_display": "0"}, "missing_lines": [179, 180, 183, 184, 187, 188, 190, 194, 195, 197, 200, 202, 205, 220, 226, 227, 229], "excluded_lines": [], "start_line": 147}, "DemoRepository.update_metadata": {"executed_lines": [], "summary": {"covered_lines": 0, "num_statements": 14, "percent_covered": 0.0, "percent_covered_display": "0", "missing_lines": 14, "excluded_lines": 0, "percent_statements_covered": 0.0, "percent_statements_covered_display": "0"}, "missing_lines": [242, 244, 245, 248, 249, 250, 253, 254, 255, 257, 258, 260, 261, 262], "excluded_lines": [], "start_line": 231}, "DemoRepository.copy_to_output": {"executed_lines": [], "summary": {"covered_lines": 0, "num_statements": 6, "percent_covered": 0.0, "percent_covered_display": "0", "missing_lines": 6, "excluded_lines": 0, "percent_statements_covered": 0.0, "percent_statements_covered_display": "0"}, "missing_lines": [275, 276, 278, 280, 281, 283], "excluded_lines": [], "start_line": 264}, "DemoRepository.get_demo_files": {"executed_lines": [], "summary": {"covered_lines": 0, "num_statements": 8, "percent_covered": 0.0, "percent_covered_display": "0", "missing_lines": 8, "excluded_lines": 0, "percent_statements_covered": 0.0, "percent_statements_covered_display": "0"}, "missing_lines": [295, 298, 299, 300, 303, 304, 306, 313], "excluded_lines": [], "start_line": 285}, "DemoRepository.detect_library_command": {"executed_lines": [], "summary": {"covered_lines": 0, "num_statements": 12, "percent_covered": 0.0, "percent_covered_display": "0", "missing_lines": 12, "excluded_lines": 0, "percent_statements_covered": 0.0, "percent_statements_covered_display": "0"}, "missing_lines": [332, 333, 336, 339, 340, 341, 344, 345, 346, 347, 349, 351], "excluded_lines": [], "start_line": 317}, "DemoRepository.detect_library_for_new_command": {"executed_lines": [], "summary": {"covered_lines": 0, "num_statements": 18, "percent_covered": 0.0, "percent_covered_display": "0", "missing_lines": 18, "excluded_lines": 0, "percent_statements_covered": 0.0, "percent_statements_covered_display": "0"}, "missing_lines": [375, 376, 378, 381, 382, 383, 386, 387, 389, 390, 391, 395, 397, 401, 404, 405, 406, 408], "excluded_lines": [], "start_line": 358}, "DemoRepository.get_supported_libraries": {"executed_lines": [], "summary": {"covered_lines": 0, "num_statements": 29, "percent_covered": 0.0, "percent_covered_display": "0", "missing_lines": 29, "excluded_lines": 0, "percent_statements_covered": 0.0, "percent_statements_covered_display": "0"}, "missing_lines": [421, 422, 424, 427, 429, 430, 431, 432, 434, 439, 440, 443, 444, 445, 449, 450, 451, 452, 454, 455, 458, 459, 460, 461, 462, 463, 466, 467, 469], "excluded_lines": [], "start_line": 410}, "DemoRepository.get_library_info": {"executed_lines": [], "summary": {"covered_lines": 0, "num_statements": 5, "percent_covered": 0.0, "percent_covered_display": "0", "missing_lines": 5, "excluded_lines": 0, "percent_statements_covered": 0.0, "percent_statements_covered_display": "0"}, "missing_lines": [487, 488, 489, 492, 494], "excluded_lines": [], "start_line": 471}, "DemoRepository.list_library_features": {"executed_lines": [], "summary": {"covered_lines": 0, "num_statements": 29, "percent_covered": 0.0, "percent_covered_display": "0", "missing_lines": 29, "excluded_lines": 0, "percent_statements_covered": 0.0, "percent_statements_covered_display": "0"}, "missing_lines": [517, 520, 521, 523, 526, 527, 532, 533, 536, 539, 540, 541, 545, 551, 552, 555, 561, 562, 565, 571, 572, 574, 575, 576, 577, 580, 583, 584, 586], "excluded_lines": [], "start_line": 500}, "DemoRepository.get_library_demo": {"executed_lines": [], "summary": {"covered_lines": 0, "num_statements": 23, "percent_covered": 0.0, "percent_covered_display": "0", "missing_lines": 23, "excluded_lines": 0, "percent_statements_covered": 0.0, "percent_statements_covered_display": "0"}, "missing_lines": [606, 607, 613, 614, 615, 616, 617, 621, 628, 629, 630, 631, 634, 641, 642, 643, 644, 647, 654, 655, 656, 657, 659], "excluded_lines": [], "start_line": 588}, "DemoRepository.copy_library_feature_to_output": {"executed_lines": [], "summary": {"covered_lines": 0, "num_statements": 10, "percent_covered": 0.0, "percent_covered_display": "0", "missing_lines": 10, "excluded_lines": 0, "percent_statements_covered": 0.0, "percent_statements_covered_display": "0"}, "missing_lines": [678, 679, 680, 682, 685, 686, 688, 690, 691, 693], "excluded_lines": [], "start_line": 661}, "DemoRepository.prompt_contribution": {"executed_lines": [], "summary": {"covered_lines": 0, "num_statements": 8, "percent_covered": 0.0, "percent_covered_display": "0", "missing_lines": 8, "excluded_lines": 0, "percent_statements_covered": 0.0, "percent_statements_covered_display": "0"}, "missing_lines": [707, 708, 710, 711, 712, 713, 714, 715], "excluded_lines": [], "start_line": 697}, "DemoRepository.validate_contribution": {"executed_lines": [], "summary": {"covered_lines": 0, "num_statements": 17, "percent_covered": 0.0, "percent_covered_display": "0", "missing_lines": 17, "excluded_lines": 0, "percent_statements_covered": 0.0, "percent_statements_covered_display": "0"}, "missing_lines": [727, 730, 731, 732, 733, 736, 737, 738, 740, 742, 743, 746, 747, 748, 749, 750, 752], "excluded_lines": [], "start_line": 717}, "DemoRepository.contribute_to_user_library": {"executed_lines": [], "summary": {"covered_lines": 0, "num_statements": 10, "percent_covered": 0.0, "percent_covered_display": "0", "missing_lines": 10, "excluded_lines": 0, "percent_statements_covered": 0.0, "percent_statements_covered_display": "0"}, "missing_lines": [765, 766, 767, 769, 772, 773, 776, 777, 778, 780], "excluded_lines": [], "start_line": 754}, "DemoRepository.prepare_contribution_info": {"executed_lines": [], "summary": {"covered_lines": 0, "num_statements": 10, "percent_covered": 0.0, "percent_covered_display": "0", "missing_lines": 10, "excluded_lines": 0, "percent_statements_covered": 0.0, "percent_statements_covered_display": "0"}, "missing_lines": [793, 795, 796, 797, 800, 801, 802, 803, 806, 816], "excluded_lines": [], "start_line": 782}, "DemoRepository.generate_contribution_message": {"executed_lines": [], "summary": {"covered_lines": 0, "num_statements": 2, "percent_covered": 0.0, "percent_covered_display": "0", "missing_lines": 2, "excluded_lines": 0, "percent_statements_covered": 0.0, "percent_statements_covered_display": "0"}, "missing_lines": [828, 845], "excluded_lines": [], "start_line": 818}, "DemoRepository._generate_safe_name": {"executed_lines": [862, 864, 866, 868, 871, 872, 874, 875, 878, 879], "summary": {"covered_lines": 10, "num_statements": 12, "percent_covered": 83.33333333333333, "percent_covered_display": "83", "missing_lines": 2, "excluded_lines": 0, "percent_statements_covered": 83.33333333333333, "percent_statements_covered_display": "83"}, "missing_lines": [867, 880], "excluded_lines": [], "start_line": 849}, "DemoRepository._get_file_description": {"executed_lines": [892, 894, 895, 896, 897, 898, 899, 900, 901, 902, 904, 906, 907, 908, 909, 910, 912, 915], "summary": {"covered_lines": 18, "num_statements": 22, "percent_covered": 81.81818181818181, "percent_covered_display": "82", "missing_lines": 4, "excluded_lines": 0, "percent_statements_covered": 81.81818181818181, "percent_statements_covered_display": "82"}, "missing_lines": [903, 905, 911, 913], "excluded_lines": [], "start_line": 882}, "DemoRepository._load_library_metadata": {"executed_lines": [], "summary": {"covered_lines": 0, "num_statements": 22, "percent_covered": 0.0, "percent_covered_display": "0", "missing_lines": 22, "excluded_lines": 0, "percent_statements_covered": 0.0, "percent_statements_covered_display": "0"}, "missing_lines": [932, 935, 936, 939, 947, 948, 949, 950, 951, 952, 953, 954, 957, 965, 966, 967, 968, 969, 970, 971, 972, 974], "excluded_lines": [], "start_line": 917}, "DemoRepository._scan_library_features": {"executed_lines": [], "summary": {"covered_lines": 0, "num_statements": 13, "percent_covered": 0.0, "percent_covered_display": "0", "missing_lines": 13, "excluded_lines": 0, "percent_statements_covered": 0.0, "percent_statements_covered_display": "0"}, "missing_lines": [986, 988, 990, 991, 994, 995, 996, 997, 998, 1000, 1011, 1012, 1014], "excluded_lines": [], "start_line": 976}, "DemoRepository._looks_like_library_name": {"executed_lines": [], "summary": {"covered_lines": 0, "num_statements": 14, "percent_covered": 0.0, "percent_covered_display": "0", "missing_lines": 14, "excluded_lines": 0, "percent_statements_covered": 0.0, "percent_statements_covered_display": "0"}, "missing_lines": [1032, 1033, 1036, 1039, 1040, 1043, 1044, 1045, 1048, 1049, 1050, 1053, 1054, 1056], "excluded_lines": [], "start_line": 1016}, "DemoRepository.clear_cache": {"executed_lines": [], "summary": {"covered_lines": 0, "num_statements": 5, "percent_covered": 0.0, "percent_covered_display": "0", "missing_lines": 5, "excluded_lines": 0, "percent_statements_covered": 0.0, "percent_statements_covered_display": "0"}, "missing_lines": [1060, 1061, 1062, 1063, 1064], "excluded_lines": [], "start_line": 1058}, "": {"executed_lines": [8, 9, 10, 11, 12, 14, 17, 20, 31, 32, 36, 37, 41, 42, 46, 47, 51, 52, 56, 57, 61, 75, 81, 102, 126, 147, 231, 264, 285, 317, 358, 410, 471, 500, 588, 661, 697, 717, 754, 782, 818, 849, 882, 917, 976, 1016, 1058, 1068], "summary": {"covered_lines": 48, "num_statements": 48, "percent_covered": 100.0, "percent_covered_display": "100", "missing_lines": 0, "excluded_lines": 0, "percent_statements_covered": 100.0, "percent_statements_covered_display": "100"}, "missing_lines": [], "excluded_lines": [], "start_line": 1}}, "classes": {"Demo": {"executed_lines": [28, 29, 34, 39, 44, 49, 54, 59, 63], "summary": {"covered_lines": 9, "num_statements": 9, "percent_covered": 100.0, "percent_covered_display": "100", "missing_lines": 0, "excluded_lines": 0, "percent_statements_covered": 100.0, "percent_statements_covered_display": "100"}, "missing_lines": [], "excluded_lines": [], "start_line": 17}, "DemoRepository": {"executed_lines": [90, 91, 92, 95, 96, 97, 98, 113, 114, 115, 118, 119, 120, 122, 123, 124, 137, 138, 140, 145, 862, 864, 866, 868, 871, 872, 874, 875, 878, 879, 892, 894, 895, 896, 897, 898, 899, 900, 901, 902, 904, 906, 907, 908, 909, 910, 912, 915], "summary": {"covered_lines": 48, "num_statements": 329, "percent_covered": 14.589665653495441, "percent_covered_display": "15", "missing_lines": 281, "excluded_lines": 0, "percent_statements_covered": 14.589665653495441, "percent_statements_covered_display": "15"}, "missing_lines": [141, 142, 143, 179, 180, 183, 184, 187, 188, 190, 194, 195, 197, 200, 202, 205, 220, 226, 227, 229, 242, 244, 245, 248, 249, 250, 253, 254, 255, 257, 258, 260, 261, 262, 275, 276, 278, 280, 281, 283, 295, 298, 299, 300, 303, 304, 306, 313, 332, 333, 336, 339, 340, 341, 344, 345, 346, 347, 349, 351, 375, 376, 378, 381, 382, 383, 386, 387, 389, 390, 391, 395, 397, 401, 404, 405, 406, 408, 421, 422, 424, 427, 429, 430, 431, 432, 434, 439, 440, 443, 444, 445, 449, 450, 451, 452, 454, 455, 458, 459, 460, 461, 462, 463, 466, 467, 469, 487, 488, 489, 492, 494, 517, 520, 521, 523, 526, 527, 532, 533, 536, 539, 540, 541, 545, 551, 552, 555, 561, 562, 565, 571, 572, 574, 575, 576, 577, 580, 583, 584, 586, 606, 607, 613, 614, 615, 616, 617, 621, 628, 629, 630, 631, 634, 641, 642, 643, 644, 647, 654, 655, 656, 657, 659, 678, 679, 680, 682, 685, 686, 688, 690, 691, 693, 707, 708, 710, 711, 712, 713, 714, 715, 727, 730, 731, 732, 733, 736, 737, 738, 740, 742, 743, 746, 747, 748, 749, 750, 752, 765, 766, 767, 769, 772, 773, 776, 777, 778, 780, 793, 795, 796, 797, 800, 801, 802, 803, 806, 816, 828, 845, 867, 880, 903, 905, 911, 913, 932, 935, 936, 939, 947, 948, 949, 950, 951, 952, 953, 954, 957, 965, 966, 967, 968, 969, 970, 971, 972, 974, 986, 988, 990, 991, 994, 995, 996, 997, 998, 1000, 1011, 1012, 1014, 1032, 1033, 1036, 1039, 1040, 1043, 1044, 1045, 1048, 1049, 1050, 1053, 1054, 1056, 1060, 1061, 1062, 1063, 1064], "excluded_lines": [], "start_line": 75}, "": {"executed_lines": [8, 9, 10, 11, 12, 14, 17, 20, 31, 32, 36, 37, 41, 42, 46, 47, 51, 52, 56, 57, 61, 75, 81, 102, 126, 147, 231, 264, 285, 317, 358, 410, 471, 500, 588, 661, 697, 717, 754, 782, 818, 849, 882, 917, 976, 1016, 1058, 1068], "summary": {"covered_lines": 48, "num_statements": 48, "percent_covered": 100.0, "percent_covered_display": "100", "missing_lines": 0, "excluded_lines": 0, "percent_statements_covered": 100.0, "percent_statements_covered_display": "100"}, "missing_lines": [], "excluded_lines": [], "start_line": 1}}}, "opendemo\\core\\demo_search.py": {"executed_lines": [8, 9, 10, 12, 16, 26, 32, 39, 43, 63, 65, 66, 69, 70, 73, 74, 75, 76, 77, 80, 82, 84, 95, 97, 98, 99, 101, 103, 110, 111, 113, 114, 116, 118, 136, 146, 148, 159, 161, 162, 165, 166, 167, 170, 171, 173, 177, 220, 237, 240, 241, 242, 244, 247, 248, 249, 251, 252, 255, 256, 257, 260, 261, 262, 265, 270, 275, 276, 279, 280, 282, 284, 331, 341, 346, 348, 359, 361, 380], "summary": {"covered_lines": 79, "num_statements": 121, "percent_covered": 65.2892561983471, "percent_covered_display": "65", "missing_lines": 42, "excluded_lines": 0, "percent_statements_covered": 65.2892561983471, "percent_statements_covered_display": "65"}, "missing_lines": [128, 129, 131, 132, 134, 194, 196, 197, 199, 200, 202, 203, 204, 205, 208, 216, 266, 267, 271, 272, 299, 300, 303, 304, 306, 307, 309, 310, 313, 314, 315, 316, 317, 320, 321, 322, 325, 326, 327, 329, 371, 376], "excluded_lines": [], "functions": {"DemoSearch.__init__": {"executed_lines": [39], "summary": {"covered_lines": 1, "num_statements": 1, "percent_covered": 100.0, "percent_covered_display": "100", "missing_lines": 0, "excluded_lines": 0, "percent_statements_covered": 100.0, "percent_statements_covered_display": "100"}, "missing_lines": [], "excluded_lines": [], "start_line": 32}, "DemoSearch.search_demos": {"executed_lines": [63, 65, 66, 69, 70, 73, 74, 75, 76, 77, 80, 82], "summary": {"covered_lines": 12, "num_statements": 12, "percent_covered": 100.0, "percent_covered_display": "100", "missing_lines": 0, "excluded_lines": 0, "percent_statements_covered": 100.0, "percent_statements_covered_display": "100"}, "missing_lines": [], "excluded_lines": [], "start_line": 43}, "DemoSearch.find_exact": {"executed_lines": [95, 97, 98, 99, 101], "summary": {"covered_lines": 5, "num_statements": 5, "percent_covered": 100.0, "percent_covered_display": "100", "missing_lines": 0, "excluded_lines": 0, "percent_statements_covered": 100.0, "percent_statements_covered_display": "100"}, "missing_lines": [], "excluded_lines": [], "start_line": 84}, "DemoSearch.get_all_languages": {"executed_lines": [110, 111, 113, 114, 116], "summary": {"covered_lines": 5, "num_statements": 5, "percent_covered": 100.0, "percent_covered_display": "100", "missing_lines": 0, "excluded_lines": 0, "percent_statements_covered": 100.0, "percent_statements_covered_display": "100"}, "missing_lines": [], "excluded_lines": [], "start_line": 103}, "DemoSearch.get_all_keywords": {"executed_lines": [], "summary": {"covered_lines": 0, "num_statements": 5, "percent_covered": 0.0, "percent_covered_display": "0", "missing_lines": 5, "excluded_lines": 0, "percent_statements_covered": 0.0, "percent_statements_covered_display": "0"}, "missing_lines": [128, 129, 131, 132, 134], "excluded_lines": [], "start_line": 118}, "DemoSearch.get_statistics": {"executed_lines": [146, 148, 159, 161, 162, 165, 166, 167, 170, 171, 173], "summary": {"covered_lines": 11, "num_statements": 11, "percent_covered": 100.0, "percent_covered_display": "100", "missing_lines": 0, "excluded_lines": 0, "percent_statements_covered": 100.0, "percent_statements_covered_display": "100"}, "missing_lines": [], "excluded_lines": [], "start_line": 136}, "DemoSearch.search_library_features": {"executed_lines": [], "summary": {"covered_lines": 0, "num_statements": 11, "percent_covered": 0.0, "percent_covered_display": "0", "missing_lines": 11, "excluded_lines": 0, "percent_statements_covered": 0.0, "percent_statements_covered_display": "0"}, "missing_lines": [194, 196, 197, 199, 200, 202, 203, 204, 205, 208, 216], "excluded_lines": [], "start_line": 177}, "DemoSearch._calculate_demo_match_score": {"executed_lines": [237, 240, 241, 242, 244, 247, 248, 249, 251, 252, 255, 256, 257, 260, 261, 262, 265, 270, 275, 276, 279, 280, 282], "summary": {"covered_lines": 23, "num_statements": 27, "percent_covered": 85.18518518518519, "percent_covered_display": "85", "missing_lines": 4, "excluded_lines": 0, "percent_statements_covered": 85.18518518518519, "percent_statements_covered_display": "85"}, "missing_lines": [266, 267, 271, 272], "excluded_lines": [], "start_line": 220}, "DemoSearch._calculate_feature_match_score": {"executed_lines": [], "summary": {"covered_lines": 0, "num_statements": 20, "percent_covered": 0.0, "percent_covered_display": "0", "missing_lines": 20, "excluded_lines": 0, "percent_statements_covered": 0.0, "percent_statements_covered_display": "0"}, "missing_lines": [299, 300, 303, 304, 306, 307, 309, 310, 313, 314, 315, 316, 317, 320, 321, 322, 325, 326, 327, 329], "excluded_lines": [], "start_line": 284}, "DemoSearch._get_demo_text": {"executed_lines": [341, 346], "summary": {"covered_lines": 2, "num_statements": 2, "percent_covered": 100.0, "percent_covered_display": "100", "missing_lines": 0, "excluded_lines": 0, "percent_statements_covered": 100.0, "percent_statements_covered_display": "100"}, "missing_lines": [], "excluded_lines": [], "start_line": 331}, "DemoSearch._sort_demos": {"executed_lines": [359], "summary": {"covered_lines": 1, "num_statements": 1, "percent_covered": 100.0, "percent_covered_display": "100", "missing_lines": 0, "excluded_lines": 0, "percent_statements_covered": 100.0, "percent_statements_covered_display": "100"}, "missing_lines": [], "excluded_lines": [], "start_line": 348}, "DemoSearch._difficulty_rank": {"executed_lines": [], "summary": {"covered_lines": 0, "num_statements": 2, "percent_covered": 0.0, "percent_covered_display": "0", "missing_lines": 2, "excluded_lines": 0, "percent_statements_covered": 0.0, "percent_statements_covered_display": "0"}, "missing_lines": [371, 376], "excluded_lines": [], "start_line": 361}, "": {"executed_lines": [8, 9, 10, 12, 16, 26, 32, 43, 84, 103, 118, 136, 177, 220, 284, 331, 348, 361, 380], "summary": {"covered_lines": 19, "num_statements": 19, "percent_covered": 100.0, "percent_covered_display": "100", "missing_lines": 0, "excluded_lines": 0, "percent_statements_covered": 100.0, "percent_statements_covered_display": "100"}, "missing_lines": [], "excluded_lines": [], "start_line": 1}}, "classes": {"DemoSearch": {"executed_lines": [39, 63, 65, 66, 69, 70, 73, 74, 75, 76, 77, 80, 82, 95, 97, 98, 99, 101, 110, 111, 113, 114, 116, 146, 148, 159, 161, 162, 165, 166, 167, 170, 171, 173, 237, 240, 241, 242, 244, 247, 248, 249, 251, 252, 255, 256, 257, 260, 261, 262, 265, 270, 275, 276, 279, 280, 282, 341, 346, 359], "summary": {"covered_lines": 60, "num_statements": 102, "percent_covered": 58.8235294117647, "percent_covered_display": "59", "missing_lines": 42, "excluded_lines": 0, "percent_statements_covered": 58.8235294117647, "percent_statements_covered_display": "59"}, "missing_lines": [128, 129, 131, 132, 134, 194, 196, 197, 199, 200, 202, 203, 204, 205, 208, 216, 266, 267, 271, 272, 299, 300, 303, 304, 306, 307, 309, 310, 313, 314, 315, 316, 317, 320, 321, 322, 325, 326, 327, 329, 371, 376], "excluded_lines": [], "start_line": 26}, "": {"executed_lines": [8, 9, 10, 12, 16, 26, 32, 43, 84, 103, 118, 136, 177, 220, 284, 331, 348, 361, 380], "summary": {"covered_lines": 19, "num_statements": 19, "percent_covered": 100.0, "percent_covered_display": "100", "missing_lines": 0, "excluded_lines": 0, "percent_statements_covered": 100.0, "percent_statements_covered_display": "100"}, "missing_lines": [], "excluded_lines": [], "start_line": 1}}}, "opendemo\\core\\demo_verifier.py": {"executed_lines": [7, 8, 9, 10, 11, 12, 13, 14, 16, 19, 22, 31, 67, 136, 150, 177, 210, 231, 357, 472, 598], "summary": {"covered_lines": 21, "num_statements": 294, "percent_covered": 7.142857142857143, "percent_covered_display": "7", "missing_lines": 273, "excluded_lines": 0, "percent_statements_covered": 7.142857142857143, "percent_statements_covered_display": "7"}, "missing_lines": [29, 42, 43, 49, 51, 52, 53, 54, 55, 56, 57, 58, 59, 60, 62, 78, 87, 88, 90, 92, 93, 94, 97, 98, 99, 102, 103, 104, 105, 106, 108, 109, 110, 113, 114, 115, 116, 117, 119, 120, 122, 123, 124, 127, 128, 130, 131, 132, 134, 138, 139, 145, 146, 147, 148, 157, 159, 160, 162, 164, 171, 173, 174, 175, 184, 186, 187, 189, 191, 193, 201, 202, 204, 205, 206, 207, 208, 221, 229, 241, 250, 251, 253, 255, 261, 262, 263, 264, 267, 268, 269, 272, 273, 274, 281, 282, 284, 285, 288, 295, 296, 298, 299, 302, 309, 310, 312, 313, 316, 317, 319, 321, 330, 338, 339, 340, 342, 343, 344, 346, 347, 349, 350, 351, 352, 353, 355, 367, 376, 377, 379, 381, 387, 388, 389, 390, 393, 394, 395, 398, 399, 400, 407, 408, 410, 411, 414, 415, 418, 419, 421, 422, 423, 424, 425, 426, 427, 428, 429, 431, 432, 439, 440, 442, 449, 451, 452, 454, 455, 457, 458, 459, 461, 462, 464, 465, 466, 467, 468, 470, 482, 492, 494, 496, 497, 499, 501, 502, 503, 504, 505, 506, 508, 509, 510, 511, 512, 514, 515, 517, 518, 521, 524, 525, 531, 532, 533, 534, 536, 537, 538, 539, 540, 543, 544, 550, 551, 552, 553, 555, 556, 557, 558, 559, 562, 563, 564, 565, 566, 569, 570, 571, 572, 573, 575, 576, 578, 579, 581, 583, 584, 586, 589, 590, 592, 593, 594, 596, 608, 610, 611, 612, 614, 615, 616, 618, 619, 622, 623, 624, 625, 626, 629, 630, 631, 632, 633, 636, 637, 638, 639, 640, 642], "excluded_lines": [], "functions": {"DemoVerifier.__init__": {"executed_lines": [], "summary": {"covered_lines": 0, "num_statements": 1, "percent_covered": 0.0, "percent_covered_display": "0", "missing_lines": 1, "excluded_lines": 0, "percent_statements_covered": 0.0, "percent_statements_covered_display": "0"}, "missing_lines": [29], "excluded_lines": [], "start_line": 22}, "DemoVerifier.verify": {"executed_lines": [], "summary": {"covered_lines": 0, "num_statements": 14, "percent_covered": 0.0, "percent_covered_display": "0", "missing_lines": 14, "excluded_lines": 0, "percent_statements_covered": 0.0, "percent_statements_covered_display": "0"}, "missing_lines": [42, 43, 49, 51, 52, 53, 54, 55, 56, 57, 58, 59, 60, 62], "excluded_lines": [], "start_line": 31}, "DemoVerifier._verify_python": {"executed_lines": [], "summary": {"covered_lines": 0, "num_statements": 34, "percent_covered": 0.0, "percent_covered_display": "0", "missing_lines": 34, "excluded_lines": 0, "percent_statements_covered": 0.0, "percent_statements_covered_display": "0"}, "missing_lines": [78, 87, 88, 90, 92, 93, 94, 97, 98, 99, 102, 103, 104, 105, 106, 108, 109, 110, 113, 114, 115, 116, 117, 119, 120, 122, 123, 124, 127, 128, 130, 131, 132, 134], "excluded_lines": [], "start_line": 67}, "DemoVerifier._create_venv": {"executed_lines": [], "summary": {"covered_lines": 0, "num_statements": 6, "percent_covered": 0.0, "percent_covered_display": "0", "missing_lines": 6, "excluded_lines": 0, "percent_statements_covered": 0.0, "percent_statements_covered_display": "0"}, "missing_lines": [138, 139, 145, 146, 147, 148], "excluded_lines": [], "start_line": 136}, "DemoVerifier._install_dependencies": {"executed_lines": [], "summary": {"covered_lines": 0, "num_statements": 9, "percent_covered": 0.0, "percent_covered_display": "0", "missing_lines": 9, "excluded_lines": 0, "percent_statements_covered": 0.0, "percent_statements_covered_display": "0"}, "missing_lines": [157, 159, 160, 162, 164, 171, 173, 174, 175], "excluded_lines": [], "start_line": 150}, "DemoVerifier._run_python_file": {"executed_lines": [], "summary": {"covered_lines": 0, "num_statements": 13, "percent_covered": 0.0, "percent_covered_display": "0", "missing_lines": 13, "excluded_lines": 0, "percent_statements_covered": 0.0, "percent_statements_covered_display": "0"}, "missing_lines": [184, 186, 187, 189, 191, 193, 201, 202, 204, 205, 206, 207, 208], "excluded_lines": [], "start_line": 177}, "DemoVerifier._verify_java": {"executed_lines": [], "summary": {"covered_lines": 0, "num_statements": 2, "percent_covered": 0.0, "percent_covered_display": "0", "missing_lines": 2, "excluded_lines": 0, "percent_statements_covered": 0.0, "percent_statements_covered_display": "0"}, "missing_lines": [221, 229], "excluded_lines": [], "start_line": 210}, "DemoVerifier._verify_go": {"executed_lines": [], "summary": {"covered_lines": 0, "num_statements": 48, "percent_covered": 0.0, "percent_covered_display": "0", "missing_lines": 48, "excluded_lines": 0, "percent_statements_covered": 0.0, "percent_statements_covered_display": "0"}, "missing_lines": [241, 250, 251, 253, 255, 261, 262, 263, 264, 267, 268, 269, 272, 273, 274, 281, 282, 284, 285, 288, 295, 296, 298, 299, 302, 309, 310, 312, 313, 316, 317, 319, 321, 330, 338, 339, 340, 342, 343, 344, 346, 347, 349, 350, 351, 352, 353, 355], "excluded_lines": [], "start_line": 231}, "DemoVerifier._verify_nodejs": {"executed_lines": [], "summary": {"covered_lines": 0, "num_statements": 53, "percent_covered": 0.0, "percent_covered_display": "0", "missing_lines": 53, "excluded_lines": 0, "percent_statements_covered": 0.0, "percent_statements_covered_display": "0"}, "missing_lines": [367, 376, 377, 379, 381, 387, 388, 389, 390, 393, 394, 395, 398, 399, 400, 407, 408, 410, 411, 414, 415, 418, 419, 421, 422, 423, 424, 425, 426, 427, 428, 429, 431, 432, 439, 440, 442, 449, 451, 452, 454, 455, 457, 458, 459, 461, 462, 464, 465, 466, 467, 468, 470], "excluded_lines": [], "start_line": 357}, "DemoVerifier._verify_kubernetes": {"executed_lines": [], "summary": {"covered_lines": 0, "num_statements": 68, "percent_covered": 0.0, "percent_covered_display": "0", "missing_lines": 68, "excluded_lines": 0, "percent_statements_covered": 0.0, "percent_statements_covered_display": "0"}, "missing_lines": [482, 492, 494, 496, 497, 499, 501, 502, 503, 504, 505, 506, 508, 509, 510, 511, 512, 514, 515, 517, 518, 521, 524, 525, 531, 532, 533, 534, 536, 537, 538, 539, 540, 543, 544, 550, 551, 552, 553, 555, 556, 557, 558, 559, 562, 563, 564, 565, 566, 569, 570, 571, 572, 573, 575, 576, 578, 579, 581, 583, 584, 586, 589, 590, 592, 593, 594, 596], "excluded_lines": [], "start_line": 472}, "DemoVerifier.generate_report": {"executed_lines": [], "summary": {"covered_lines": 0, "num_statements": 25, "percent_covered": 0.0, "percent_covered_display": "0", "missing_lines": 25, "excluded_lines": 0, "percent_statements_covered": 0.0, "percent_statements_covered_display": "0"}, "missing_lines": [608, 610, 611, 612, 614, 615, 616, 618, 619, 622, 623, 624, 625, 626, 629, 630, 631, 632, 633, 636, 637, 638, 639, 640, 642], "excluded_lines": [], "start_line": 598}, "": {"executed_lines": [7, 8, 9, 10, 11, 12, 13, 14, 16, 19, 22, 31, 67, 136, 150, 177, 210, 231, 357, 472, 598], "summary": {"covered_lines": 21, "num_statements": 21, "percent_covered": 100.0, "percent_covered_display": "100", "missing_lines": 0, "excluded_lines": 0, "percent_statements_covered": 100.0, "percent_statements_covered_display": "100"}, "missing_lines": [], "excluded_lines": [], "start_line": 1}}, "classes": {"DemoVerifier": {"executed_lines": [], "summary": {"covered_lines": 0, "num_statements": 273, "percent_covered": 0.0, "percent_covered_display": "0", "missing_lines": 273, "excluded_lines": 0, "percent_statements_covered": 0.0, "percent_statements_covered_display": "0"}, "missing_lines": [29, 42, 43, 49, 51, 52, 53, 54, 55, 56, 57, 58, 59, 60, 62, 78, 87, 88, 90, 92, 93, 94, 97, 98, 99, 102, 103, 104, 105, 106, 108, 109, 110, 113, 114, 115, 116, 117, 119, 120, 122, 123, 124, 127, 128, 130, 131, 132, 134, 138, 139, 145, 146, 147, 148, 157, 159, 160, 162, 164, 171, 173, 174, 175, 184, 186, 187, 189, 191, 193, 201, 202, 204, 205, 206, 207, 208, 221, 229, 241, 250, 251, 253, 255, 261, 262, 263, 264, 267, 268, 269, 272, 273, 274, 281, 282, 284, 285, 288, 295, 296, 298, 299, 302, 309, 310, 312, 313, 316, 317, 319, 321, 330, 338, 339, 340, 342, 343, 344, 346, 347, 349, 350, 351, 352, 353, 355, 367, 376, 377, 379, 381, 387, 388, 389, 390, 393, 394, 395, 398, 399, 400, 407, 408, 410, 411, 414, 415, 418, 419, 421, 422, 423, 424, 425, 426, 427, 428, 429, 431, 432, 439, 440, 442, 449, 451, 452, 454, 455, 457, 458, 459, 461, 462, 464, 465, 466, 467, 468, 470, 482, 492, 494, 496, 497, 499, 501, 502, 503, 504, 505, 506, 508, 509, 510, 511, 512, 514, 515, 517, 518, 521, 524, 525, 531, 532, 533, 534, 536, 537, 538, 539, 540, 543, 544, 550, 551, 552, 553, 555, 556, 557, 558, 559, 562, 563, 564, 565, 566, 569, 570, 571, 572, 573, 575, 576, 578, 579, 581, 583, 584, 586, 589, 590, 592, 593, 594, 596, 608, 610, 611, 612, 614, 615, 616, 618, 619, 622, 623, 624, 625, 626, 629, 630, 631, 632, 633, 636, 637, 638, 639, 640, 642], "excluded_lines": [], "start_line": 19}, "": {"executed_lines": [7, 8, 9, 10, 11, 12, 13, 14, 16, 19, 22, 31, 67, 136, 150, 177, 210, 231, 357, 472, 598], "summary": {"covered_lines": 21, "num_statements": 21, "percent_covered": 100.0, "percent_covered_display": "100", "missing_lines": 0, "excluded_lines": 0, "percent_statements_covered": 100.0, "percent_statements_covered_display": "100"}, "missing_lines": [], "excluded_lines": [], "start_line": 1}}}, "opendemo\\core\\quality_checker.py": {"executed_lines": [7, 8, 9, 10, 11, 12, 13, 15, 18, 21, 39, 61, 122, 218, 252, 270, 302, 366], "summary": {"covered_lines": 18, "num_statements": 104, "percent_covered": 17.307692307692307, "percent_covered_display": "17", "missing_lines": 86, "excluded_lines": 0, "percent_statements_covered": 17.307692307692307, "percent_statements_covered_display": "17"}, "missing_lines": [28, 29, 30, 31, 46, 49, 50, 53, 54, 57, 59, 63, 64, 72, 75, 76, 77, 80, 81, 82, 84, 85, 86, 88, 89, 90, 92, 101, 102, 110, 111, 112, 120, 124, 127, 184, 185, 188, 194, 196, 205, 207, 208, 210, 228, 229, 230, 237, 241, 242, 246, 247, 254, 255, 257, 259, 278, 281, 282, 285, 286, 289, 290, 291, 292, 295, 296, 297, 299, 300, 304, 305, 306, 308, 310, 345, 346, 347, 349, 350, 351, 352, 354, 364, 373, 374], "excluded_lines": [], "functions": {"QualityChecker.__init__": {"executed_lines": [], "summary": {"covered_lines": 0, "num_statements": 4, "percent_covered": 0.0, "percent_covered_display": "0", "missing_lines": 4, "excluded_lines": 0, "percent_statements_covered": 0.0, "percent_statements_covered_display": "0"}, "missing_lines": [28, 29, 30, 31], "excluded_lines": [], "start_line": 21}, "QualityChecker.run_all_checks": {"executed_lines": [], "summary": {"covered_lines": 0, "num_statements": 7, "percent_covered": 0.0, "percent_covered_display": "0", "missing_lines": 7, "excluded_lines": 0, "percent_statements_covered": 0.0, "percent_statements_covered_display": "0"}, "missing_lines": [46, 49, 50, 53, 54, 57, 59], "excluded_lines": [], "start_line": 39}, "QualityChecker._run_unit_tests": {"executed_lines": [], "summary": {"covered_lines": 0, "num_statements": 22, "percent_covered": 0.0, "percent_covered_display": "0", "missing_lines": 22, "excluded_lines": 0, "percent_statements_covered": 0.0, "percent_statements_covered_display": "0"}, "missing_lines": [63, 64, 72, 75, 76, 77, 80, 81, 82, 84, 85, 86, 88, 89, 90, 92, 101, 102, 110, 111, 112, 120], "excluded_lines": [], "start_line": 61}, "QualityChecker._run_cli_tests": {"executed_lines": [], "summary": {"covered_lines": 0, "num_statements": 11, "percent_covered": 0.0, "percent_covered_display": "0", "missing_lines": 11, "excluded_lines": 0, "percent_statements_covered": 0.0, "percent_statements_covered_display": "0"}, "missing_lines": [124, 127, 184, 185, 188, 194, 196, 205, 207, 208, 210], "excluded_lines": [], "start_line": 122}, "QualityChecker._run_cli_command": {"executed_lines": [], "summary": {"covered_lines": 0, "num_statements": 8, "percent_covered": 0.0, "percent_covered_display": "0", "missing_lines": 8, "excluded_lines": 0, "percent_statements_covered": 0.0, "percent_statements_covered_display": "0"}, "missing_lines": [228, 229, 230, 237, 241, 242, 246, 247], "excluded_lines": [], "start_line": 218}, "QualityChecker._generate_summary": {"executed_lines": [], "summary": {"covered_lines": 0, "num_statements": 4, "percent_covered": 0.0, "percent_covered_display": "0", "missing_lines": 4, "excluded_lines": 0, "percent_statements_covered": 0.0, "percent_statements_covered_display": "0"}, "missing_lines": [254, 255, 257, 259], "excluded_lines": [], "start_line": 252}, "QualityChecker.save_report": {"executed_lines": [], "summary": {"covered_lines": 0, "num_statements": 14, "percent_covered": 0.0, "percent_covered_display": "0", "missing_lines": 14, "excluded_lines": 0, "percent_statements_covered": 0.0, "percent_statements_covered_display": "0"}, "missing_lines": [278, 281, 282, 285, 286, 289, 290, 291, 292, 295, 296, 297, 299, 300], "excluded_lines": [], "start_line": 270}, "QualityChecker._generate_markdown_report": {"executed_lines": [], "summary": {"covered_lines": 0, "num_statements": 14, "percent_covered": 0.0, "percent_covered_display": "0", "missing_lines": 14, "excluded_lines": 0, "percent_statements_covered": 0.0, "percent_statements_covered_display": "0"}, "missing_lines": [304, 305, 306, 308, 310, 345, 346, 347, 349, 350, 351, 352, 354, 364], "excluded_lines": [], "start_line": 302}, "QualityChecker.get_report_summary": {"executed_lines": [], "summary": {"covered_lines": 0, "num_statements": 2, "percent_covered": 0.0, "percent_covered_display": "0", "missing_lines": 2, "excluded_lines": 0, "percent_statements_covered": 0.0, "percent_statements_covered_display": "0"}, "missing_lines": [373, 374], "excluded_lines": [], "start_line": 366}, "": {"executed_lines": [7, 8, 9, 10, 11, 12, 13, 15, 18, 21, 39, 61, 122, 218, 252, 270, 302, 366], "summary": {"covered_lines": 18, "num_statements": 18, "percent_covered": 100.0, "percent_covered_display": "100", "missing_lines": 0, "excluded_lines": 0, "percent_statements_covered": 100.0, "percent_statements_covered_display": "100"}, "missing_lines": [], "excluded_lines": [], "start_line": 1}}, "classes": {"QualityChecker": {"executed_lines": [], "summary": {"covered_lines": 0, "num_statements": 86, "percent_covered": 0.0, "percent_covered_display": "0", "missing_lines": 86, "excluded_lines": 0, "percent_statements_covered": 0.0, "percent_statements_covered_display": "0"}, "missing_lines": [28, 29, 30, 31, 46, 49, 50, 53, 54, 57, 59, 63, 64, 72, 75, 76, 77, 80, 81, 82, 84, 85, 86, 88, 89, 90, 92, 101, 102, 110, 111, 112, 120, 124, 127, 184, 185, 188, 194, 196, 205, 207, 208, 210, 228, 229, 230, 237, 241, 242, 246, 247, 254, 255, 257, 259, 278, 281, 282, 285, 286, 289, 290, 291, 292, 295, 296, 297, 299, 300, 304, 305, 306, 308, 310, 345, 346, 347, 349, 350, 351, 352, 354, 364, 373, 374], "excluded_lines": [], "start_line": 18}, "": {"executed_lines": [7, 8, 9, 10, 11, 12, 13, 15, 18, 21, 39, 61, 122, 218, 252, 270, 302, 366], "summary": {"covered_lines": 18, "num_statements": 18, "percent_covered": 100.0, "percent_covered_display": "100", "missing_lines": 0, "excluded_lines": 0, "percent_statements_covered": 100.0, "percent_statements_covered_display": "100"}, "missing_lines": [], "excluded_lines": [], "start_line": 1}}}, "opendemo\\core\\readme_updater.py": {"executed_lines": [7, 8, 9, 11, 14, 17, 26, 29, 41, 98, 121, 173, 191, 208, 249, 270], "summary": {"covered_lines": 16, "num_statements": 115, "percent_covered": 13.91304347826087, "percent_covered_display": "14", "missing_lines": 99, "excluded_lines": 1, "percent_statements_covered": 13.91304347826087, "percent_statements_covered_display": "14"}, "missing_lines": [37, 38, 39, 54, 56, 57, 59, 60, 61, 63, 64, 65, 68, 70, 71, 72, 73, 74, 77, 78, 79, 81, 82, 83, 84, 85, 88, 89, 92, 94, 96, 105, 106, 107, 109, 110, 111, 112, 114, 128, 130, 137, 138, 139, 141, 142, 143, 144, 145, 146, 149, 151, 152, 154, 157, 158, 160, 162, 167, 171, 185, 186, 187, 189, 203, 204, 206, 215, 216, 217, 219, 221, 222, 225, 226, 229, 232, 235, 238, 239, 241, 243, 245, 246, 247, 256, 257, 259, 260, 261, 262, 263, 264, 265, 267, 281, 282, 283, 285], "excluded_lines": [42], "functions": {"ReadmeUpdater.__init__": {"executed_lines": [], "summary": {"covered_lines": 0, "num_statements": 3, "percent_covered": 0.0, "percent_covered_display": "0", "missing_lines": 3, "excluded_lines": 0, "percent_statements_covered": 0.0, "percent_statements_covered_display": "0"}, "missing_lines": [37, 38, 39], "excluded_lines": [], "start_line": 29}, "ReadmeUpdater.collect_stats": {"executed_lines": [], "summary": {"covered_lines": 0, "num_statements": 28, "percent_covered": 0.0, "percent_covered_display": "0", "missing_lines": 28, "excluded_lines": 1, "percent_statements_covered": 0.0, "percent_statements_covered_display": "0"}, "missing_lines": [54, 56, 57, 59, 60, 61, 63, 64, 65, 68, 70, 71, 72, 73, 74, 77, 78, 79, 81, 82, 83, 84, 85, 88, 89, 92, 94, 96], "excluded_lines": [42], "start_line": 41}, "ReadmeUpdater.calculate_totals": {"executed_lines": [], "summary": {"covered_lines": 0, "num_statements": 8, "percent_covered": 0.0, "percent_covered_display": "0", "missing_lines": 8, "excluded_lines": 0, "percent_statements_covered": 0.0, "percent_statements_covered_display": "0"}, "missing_lines": [105, 106, 107, 109, 110, 111, 112, 114], "excluded_lines": [], "start_line": 98}, "ReadmeUpdater.generate_stats_table": {"executed_lines": [], "summary": {"covered_lines": 0, "num_statements": 21, "percent_covered": 0.0, "percent_covered_display": "0", "missing_lines": 21, "excluded_lines": 0, "percent_statements_covered": 0.0, "percent_statements_covered_display": "0"}, "missing_lines": [128, 130, 137, 138, 139, 141, 142, 143, 144, 145, 146, 149, 151, 152, 154, 157, 158, 160, 162, 167, 171], "excluded_lines": [], "start_line": 121}, "ReadmeUpdater.update_badge": {"executed_lines": [], "summary": {"covered_lines": 0, "num_statements": 4, "percent_covered": 0.0, "percent_covered_display": "0", "missing_lines": 4, "excluded_lines": 0, "percent_statements_covered": 0.0, "percent_statements_covered_display": "0"}, "missing_lines": [185, 186, 187, 189], "excluded_lines": [], "start_line": 173}, "ReadmeUpdater.update_stats_section": {"executed_lines": [], "summary": {"covered_lines": 0, "num_statements": 3, "percent_covered": 0.0, "percent_covered_display": "0", "missing_lines": 3, "excluded_lines": 0, "percent_statements_covered": 0.0, "percent_statements_covered_display": "0"}, "missing_lines": [203, 204, 206], "excluded_lines": [], "start_line": 191}, "ReadmeUpdater.update": {"executed_lines": [], "summary": {"covered_lines": 0, "num_statements": 18, "percent_covered": 0.0, "percent_covered_display": "0", "missing_lines": 18, "excluded_lines": 0, "percent_statements_covered": 0.0, "percent_statements_covered_display": "0"}, "missing_lines": [215, 216, 217, 219, 221, 222, 225, 226, 229, 232, 235, 238, 239, 241, 243, 245, 246, 247], "excluded_lines": [], "start_line": 208}, "ReadmeUpdater.get_summary": {"executed_lines": [], "summary": {"covered_lines": 0, "num_statements": 10, "percent_covered": 0.0, "percent_covered_display": "0", "missing_lines": 10, "excluded_lines": 0, "percent_statements_covered": 0.0, "percent_statements_covered_display": "0"}, "missing_lines": [256, 257, 259, 260, 261, 262, 263, 264, 265, 267], "excluded_lines": [], "start_line": 249}, "update_readme_after_new": {"executed_lines": [], "summary": {"covered_lines": 0, "num_statements": 4, "percent_covered": 0.0, "percent_covered_display": "0", "missing_lines": 4, "excluded_lines": 0, "percent_statements_covered": 0.0, "percent_statements_covered_display": "0"}, "missing_lines": [281, 282, 283, 285], "excluded_lines": [], "start_line": 270}, "": {"executed_lines": [7, 8, 9, 11, 14, 17, 26, 29, 41, 98, 121, 173, 191, 208, 249, 270], "summary": {"covered_lines": 16, "num_statements": 16, "percent_covered": 100.0, "percent_covered_display": "100", "missing_lines": 0, "excluded_lines": 0, "percent_statements_covered": 100.0, "percent_statements_covered_display": "100"}, "missing_lines": [], "excluded_lines": [], "start_line": 1}}, "classes": {"ReadmeUpdater": {"executed_lines": [], "summary": {"covered_lines": 0, "num_statements": 95, "percent_covered": 0.0, "percent_covered_display": "0", "missing_lines": 95, "excluded_lines": 1, "percent_statements_covered": 0.0, "percent_statements_covered_display": "0"}, "missing_lines": [37, 38, 39, 54, 56, 57, 59, 60, 61, 63, 64, 65, 68, 70, 71, 72, 73, 74, 77, 78, 79, 81, 82, 83, 84, 85, 88, 89, 92, 94, 96, 105, 106, 107, 109, 110, 111, 112, 114, 128, 130, 137, 138, 139, 141, 142, 143, 144, 145, 146, 149, 151, 152, 154, 157, 158, 160, 162, 167, 171, 185, 186, 187, 189, 203, 204, 206, 215, 216, 217, 219, 221, 222, 225, 226, 229, 232, 235, 238, 239, 241, 243, 245, 246, 247, 256, 257, 259, 260, 261, 262, 263, 264, 265, 267], "excluded_lines": [42], "start_line": 26}, "": {"executed_lines": [7, 8, 9, 11, 14, 17, 26, 29, 41, 98, 121, 173, 191, 208, 249, 270], "summary": {"covered_lines": 16, "num_statements": 20, "percent_covered": 80.0, "percent_covered_display": "80", "missing_lines": 4, "excluded_lines": 0, "percent_statements_covered": 80.0, "percent_statements_covered_display": "80"}, "missing_lines": [281, 282, 283, 285], "excluded_lines": [], "start_line": 1}}}, "opendemo\\services\\__init__.py": {"executed_lines": [], "summary": {"covered_lines": 0, "num_statements": 0, "percent_covered": 100.0, "percent_covered_display": "100", "missing_lines": 0, "excluded_lines": 0, "percent_statements_covered": 100.0, "percent_statements_covered_display": "100"}, "missing_lines": [], "excluded_lines": [], "functions": {"": {"executed_lines": [], "summary": {"covered_lines": 0, "num_statements": 0, "percent_covered": 100.0, "percent_covered_display": "100", "missing_lines": 0, "excluded_lines": 0, "percent_statements_covered": 100.0, "percent_statements_covered_display": "100"}, "missing_lines": [], "excluded_lines": [], "start_line": 1}}, "classes": {"": {"executed_lines": [], "summary": {"covered_lines": 0, "num_statements": 0, "percent_covered": 100.0, "percent_covered_display": "100", "missing_lines": 0, "excluded_lines": 0, "percent_statements_covered": 100.0, "percent_statements_covered_display": "100"}, "missing_lines": [], "excluded_lines": [], "start_line": 1}}}, "opendemo\\services\\ai_service.py": {"executed_lines": [], "summary": {"covered_lines": 0, "num_statements": 155, "percent_covered": 0.0, "percent_covered_display": "0", "missing_lines": 155, "excluded_lines": 0, "percent_statements_covered": 0.0, "percent_statements_covered_display": "0"}, "missing_lines": [7, 8, 9, 10, 11, 13, 16, 19, 26, 27, 28, 29, 31, 33, 34, 35, 36, 38, 55, 57, 58, 59, 62, 65, 66, 68, 69, 70, 71, 73, 74, 75, 77, 78, 80, 81, 82, 84, 85, 87, 100, 106, 111, 176, 178, 188, 193, 209, 211, 213, 220, 222, 223, 225, 227, 244, 246, 250, 251, 252, 254, 255, 256, 257, 258, 260, 261, 262, 263, 266, 269, 270, 271, 274, 275, 276, 277, 278, 279, 280, 283, 285, 287, 288, 289, 290, 291, 292, 295, 296, 298, 299, 301, 302, 303, 304, 305, 306, 307, 309, 316, 318, 319, 321, 323, 328, 334, 341, 343, 344, 345, 347, 368, 370, 371, 372, 374, 400, 401, 406, 422, 424, 426, 433, 434, 435, 438, 440, 441, 442, 444, 459, 461, 462, 463, 464, 465, 466, 468, 470, 477, 478, 479, 486, 501, 504, 505, 506, 514, 547, 549, 550, 558, 561, 568], "excluded_lines": [], "functions": {"AIService.__init__": {"executed_lines": [], "summary": {"covered_lines": 0, "num_statements": 4, "percent_covered": 0.0, "percent_covered_display": "0", "missing_lines": 4, "excluded_lines": 0, "percent_statements_covered": 0.0, "percent_statements_covered_display": "0"}, "missing_lines": [26, 27, 28, 29], "excluded_lines": [], "start_line": 19}, "AIService._load_config": {"executed_lines": [], "summary": {"covered_lines": 0, "num_statements": 4, "percent_covered": 0.0, "percent_covered_display": "0", "missing_lines": 4, "excluded_lines": 0, "percent_statements_covered": 0.0, "percent_statements_covered_display": "0"}, "missing_lines": [33, 34, 35, 36], "excluded_lines": [], "start_line": 31}, "AIService.generate_demo": {"executed_lines": [], "summary": {"covered_lines": 0, "num_statements": 21, "percent_covered": 0.0, "percent_covered_display": "0", "missing_lines": 21, "excluded_lines": 0, "percent_statements_covered": 0.0, "percent_statements_covered_display": "0"}, "missing_lines": [55, 57, 58, 59, 62, 65, 66, 68, 69, 70, 71, 73, 74, 75, 77, 78, 80, 81, 82, 84, 85], "excluded_lines": [], "start_line": 38}, "AIService._build_prompt": {"executed_lines": [], "summary": {"covered_lines": 0, "num_statements": 4, "percent_covered": 0.0, "percent_covered_display": "0", "missing_lines": 4, "excluded_lines": 0, "percent_statements_covered": 0.0, "percent_statements_covered_display": "0"}, "missing_lines": [100, 106, 111, 176], "excluded_lines": [], "start_line": 87}, "AIService._call_api": {"executed_lines": [], "summary": {"covered_lines": 0, "num_statements": 9, "percent_covered": 0.0, "percent_covered_display": "0", "missing_lines": 9, "excluded_lines": 0, "percent_statements_covered": 0.0, "percent_statements_covered_display": "0"}, "missing_lines": [188, 193, 209, 211, 213, 220, 222, 223, 225], "excluded_lines": [], "start_line": 178}, "AIService._parse_response": {"executed_lines": [], "summary": {"covered_lines": 0, "num_statements": 44, "percent_covered": 0.0, "percent_covered_display": "0", "missing_lines": 44, "excluded_lines": 0, "percent_statements_covered": 0.0, "percent_statements_covered_display": "0"}, "missing_lines": [244, 246, 250, 251, 252, 254, 255, 256, 257, 258, 260, 261, 262, 263, 266, 269, 270, 271, 274, 275, 276, 277, 278, 279, 280, 283, 285, 287, 288, 289, 290, 291, 292, 295, 296, 298, 299, 301, 302, 303, 304, 305, 306, 307], "excluded_lines": [], "start_line": 227}, "AIService.validate_api_key": {"executed_lines": [], "summary": {"covered_lines": 0, "num_statements": 11, "percent_covered": 0.0, "percent_covered_display": "0", "missing_lines": 11, "excluded_lines": 0, "percent_statements_covered": 0.0, "percent_statements_covered_display": "0"}, "missing_lines": [316, 318, 319, 321, 323, 328, 334, 341, 343, 344, 345], "excluded_lines": [], "start_line": 309}, "AIService.classify_keyword": {"executed_lines": [], "summary": {"covered_lines": 0, "num_statements": 18, "percent_covered": 0.0, "percent_covered_display": "0", "missing_lines": 18, "excluded_lines": 0, "percent_statements_covered": 0.0, "percent_statements_covered_display": "0"}, "missing_lines": [368, 370, 371, 372, 374, 400, 401, 406, 422, 424, 426, 433, 434, 435, 438, 440, 441, 442], "excluded_lines": [], "start_line": 347}, "AIService._parse_classify_response": {"executed_lines": [], "summary": {"covered_lines": 0, "num_statements": 12, "percent_covered": 0.0, "percent_covered_display": "0", "missing_lines": 12, "excluded_lines": 0, "percent_statements_covered": 0.0, "percent_statements_covered_display": "0"}, "missing_lines": [459, 461, 462, 463, 464, 465, 466, 468, 470, 477, 478, 479], "excluded_lines": [], "start_line": 444}, "AIService._heuristic_classify": {"executed_lines": [], "summary": {"covered_lines": 0, "num_statements": 11, "percent_covered": 0.0, "percent_covered_display": "0", "missing_lines": 11, "excluded_lines": 0, "percent_statements_covered": 0.0, "percent_statements_covered_display": "0"}, "missing_lines": [501, 504, 505, 506, 514, 547, 549, 550, 558, 561, 568], "excluded_lines": [], "start_line": 486}, "": {"executed_lines": [], "summary": {"covered_lines": 0, "num_statements": 17, "percent_covered": 0.0, "percent_covered_display": "0", "missing_lines": 17, "excluded_lines": 0, "percent_statements_covered": 0.0, "percent_statements_covered_display": "0"}, "missing_lines": [7, 8, 9, 10, 11, 13, 16, 19, 31, 38, 87, 178, 227, 309, 347, 444, 486], "excluded_lines": [], "start_line": 1}}, "classes": {"AIService": {"executed_lines": [], "summary": {"covered_lines": 0, "num_statements": 138, "percent_covered": 0.0, "percent_covered_display": "0", "missing_lines": 138, "excluded_lines": 0, "percent_statements_covered": 0.0, "percent_statements_covered_display": "0"}, "missing_lines": [26, 27, 28, 29, 33, 34, 35, 36, 55, 57, 58, 59, 62, 65, 66, 68, 69, 70, 71, 73, 74, 75, 77, 78, 80, 81, 82, 84, 85, 100, 106, 111, 176, 188, 193, 209, 211, 213, 220, 222, 223, 225, 244, 246, 250, 251, 252, 254, 255, 256, 257, 258, 260, 261, 262, 263, 266, 269, 270, 271, 274, 275, 276, 277, 278, 279, 280, 283, 285, 287, 288, 289, 290, 291, 292, 295, 296, 298, 299, 301, 302, 303, 304, 305, 306, 307, 316, 318, 319, 321, 323, 328, 334, 341, 343, 344, 345, 368, 370, 371, 372, 374, 400, 401, 406, 422, 424, 426, 433, 434, 435, 438, 440, 441, 442, 459, 461, 462, 463, 464, 465, 466, 468, 470, 477, 478, 479, 501, 504, 505, 506, 514, 547, 549, 550, 558, 561, 568], "excluded_lines": [], "start_line": 16}, "": {"executed_lines": [], "summary": {"covered_lines": 0, "num_statements": 17, "percent_covered": 0.0, "percent_covered_display": "0", "missing_lines": 17, "excluded_lines": 0, "percent_statements_covered": 0.0, "percent_statements_covered_display": "0"}, "missing_lines": [7, 8, 9, 10, 11, 13, 16, 19, 31, 38, 87, 178, 227, 309, 347, 444, 486], "excluded_lines": [], "start_line": 1}}}, "opendemo\\services\\config_service.py": {"executed_lines": [7, 8, 9, 10, 11, 13, 16, 20, 51, 53, 54, 55, 56, 58, 60, 61, 63, 65, 66, 69, 70, 73, 74, 76, 83, 84, 87, 90, 91, 94, 95, 96, 97, 100, 105, 106, 108, 118, 119, 120, 121, 126, 137, 139, 140, 141, 143, 145, 147, 158, 159, 160, 162, 163, 164, 166, 168, 170, 204, 220, 243, 250, 251, 254, 258, 259, 260, 261, 266, 267, 270, 272, 279], "summary": {"covered_lines": 73, "num_statements": 114, "percent_covered": 64.03508771929825, "percent_covered_display": "64", "missing_lines": 41, "excluded_lines": 0, "percent_statements_covered": 64.03508771929825, "percent_statements_covered_display": "64"}, "missing_lines": [101, 102, 103, 122, 123, 124, 179, 182, 183, 185, 188, 189, 190, 191, 192, 193, 194, 197, 200, 202, 212, 213, 214, 215, 216, 217, 218, 227, 228, 229, 231, 234, 235, 237, 238, 240, 241, 255, 262, 263, 268], "excluded_lines": [], "functions": {"ConfigService.__init__": {"executed_lines": [53, 54, 55, 56], "summary": {"covered_lines": 4, "num_statements": 4, "percent_covered": 100.0, "percent_covered_display": "100", "missing_lines": 0, "excluded_lines": 0, "percent_statements_covered": 100.0, "percent_statements_covered_display": "100"}, "missing_lines": [], "excluded_lines": [], "start_line": 51}, "ConfigService._get_global_config_path": {"executed_lines": [60, 61], "summary": {"covered_lines": 2, "num_statements": 2, "percent_covered": 100.0, "percent_covered_display": "100", "missing_lines": 0, "excluded_lines": 0, "percent_statements_covered": 100.0, "percent_statements_covered_display": "100"}, "missing_lines": [], "excluded_lines": [], "start_line": 58}, "ConfigService._ensure_user_dirs": {"executed_lines": [65, 66, 69, 70, 73, 74], "summary": {"covered_lines": 6, "num_statements": 6, "percent_covered": 100.0, "percent_covered_display": "100", "missing_lines": 0, "excluded_lines": 0, "percent_statements_covered": 100.0, "percent_statements_covered_display": "100"}, "missing_lines": [], "excluded_lines": [], "start_line": 63}, "ConfigService.load": {"executed_lines": [83, 84, 87, 90, 91, 94, 95, 96, 97, 100, 105, 106], "summary": {"covered_lines": 12, "num_statements": 15, "percent_covered": 80.0, "percent_covered_display": "80", "missing_lines": 3, "excluded_lines": 0, "percent_statements_covered": 80.0, "percent_statements_covered_display": "80"}, "missing_lines": [101, 102, 103], "excluded_lines": [], "start_line": 76}, "ConfigService._load_yaml": {"executed_lines": [118, 119, 120, 121], "summary": {"covered_lines": 4, "num_statements": 7, "percent_covered": 57.142857142857146, "percent_covered_display": "57", "missing_lines": 3, "excluded_lines": 0, "percent_statements_covered": 57.142857142857146, "percent_statements_covered_display": "57"}, "missing_lines": [122, 123, 124], "excluded_lines": [], "start_line": 108}, "ConfigService._merge_config": {"executed_lines": [137, 139, 140, 141, 143, 145], "summary": {"covered_lines": 6, "num_statements": 6, "percent_covered": 100.0, "percent_covered_display": "100", "missing_lines": 0, "excluded_lines": 0, "percent_statements_covered": 100.0, "percent_statements_covered_display": "100"}, "missing_lines": [], "excluded_lines": [], "start_line": 126}, "ConfigService.get": {"executed_lines": [158, 159, 160, 162, 163, 164, 166, 168], "summary": {"covered_lines": 8, "num_statements": 8, "percent_covered": 100.0, "percent_covered_display": "100", "missing_lines": 0, "excluded_lines": 0, "percent_statements_covered": 100.0, "percent_statements_covered_display": "100"}, "missing_lines": [], "excluded_lines": [], "start_line": 147}, "ConfigService.set": {"executed_lines": [], "summary": {"covered_lines": 0, "num_statements": 14, "percent_covered": 0.0, "percent_covered_display": "0", "missing_lines": 14, "excluded_lines": 0, "percent_statements_covered": 0.0, "percent_statements_covered_display": "0"}, "missing_lines": [179, 182, 183, 185, 188, 189, 190, 191, 192, 193, 194, 197, 200, 202], "excluded_lines": [], "start_line": 170}, "ConfigService._save_yaml": {"executed_lines": [], "summary": {"covered_lines": 0, "num_statements": 7, "percent_covered": 0.0, "percent_covered_display": "0", "missing_lines": 7, "excluded_lines": 0, "percent_statements_covered": 0.0, "percent_statements_covered_display": "0"}, "missing_lines": [212, 213, 214, 215, 216, 217, 218], "excluded_lines": [], "start_line": 204}, "ConfigService.init_config": {"executed_lines": [], "summary": {"covered_lines": 0, "num_statements": 10, "percent_covered": 0.0, "percent_covered_display": "0", "missing_lines": 10, "excluded_lines": 0, "percent_statements_covered": 0.0, "percent_statements_covered_display": "0"}, "missing_lines": [227, 228, 229, 231, 234, 235, 237, 238, 240, 241], "excluded_lines": [], "start_line": 220}, "ConfigService.validate": {"executed_lines": [250, 251, 254, 258, 259, 260, 261, 266, 267, 270], "summary": {"covered_lines": 10, "num_statements": 14, "percent_covered": 71.42857142857143, "percent_covered_display": "71", "missing_lines": 4, "excluded_lines": 0, "percent_statements_covered": 71.42857142857143, "percent_statements_covered_display": "71"}, "missing_lines": [255, 262, 263, 268], "excluded_lines": [], "start_line": 243}, "ConfigService.get_all": {"executed_lines": [279], "summary": {"covered_lines": 1, "num_statements": 1, "percent_covered": 100.0, "percent_covered_display": "100", "missing_lines": 0, "excluded_lines": 0, "percent_statements_covered": 100.0, "percent_statements_covered_display": "100"}, "missing_lines": [], "excluded_lines": [], "start_line": 272}, "": {"executed_lines": [7, 8, 9, 10, 11, 13, 16,
[...]
63, 164, 166, 168, 250, 251, 254, 258, 259, 260, 261, 266, 267, 270, 279], "summary": {"covered_lines": 53, "num_statements": 94, "percent_covered": 56.38297872340426, "percent_covered_display": "56", "missing_lines": 41, "excluded_lines": 0, "percent_statements_covered": 56.38297872340426, "percent_statements_covered_display": "56"}, "missing_lines": [101, 102, 103, 122, 123, 124, 179, 182, 183, 185, 188, 189, 190, 191, 192, 193, 194, 197, 200, 202, 212, 213, 214, 215, 216, 217, 218, 227, 228, 229, 231, 234, 235, 237, 238, 240, 241, 255, 262, 263, 268], "excluded_lines": [], "start_line": 16}, "": {"executed_lines": [7, 8, 9, 10, 11, 13, 16, 20, 51, 58, 63, 76, 108, 126, 147, 170, 204, 220, 243, 272], "summary": {"covered_lines": 20, "num_statements": 20, "percent_covered": 100.0, "percent_covered_display": "100", "missing_lines": 0, "excluded_lines": 0, "percent_statements_covered": 100.0, "percent_statements_covered_display": "100"}, "missing_lines": [], "excluded_lines": [], "start_line": 1}}}, "opendemo\\services\\storage_service.py": {"executed_lines": [], "summary": {"covered_lines": 0, "num_statements": 172, "percent_covered": 0.0, "percent_covered_display": "0", "missing_lines": 172, "excluded_lines": 0, "percent_statements_covered": 0.0, "percent_statements_covered_display": "0"}, "missing_lines": [7, 8, 9, 10, 11, 12, 14, 17, 20, 27, 28, 29, 31, 32, 34, 36, 37, 38, 39, 41, 42, 44, 45, 46, 47, 48, 50, 61, 64, 65, 66, 67, 68, 70, 71, 72, 75, 76, 77, 78, 81, 83, 85, 95, 97, 98, 101, 102, 103, 105, 107, 117, 119, 120, 121, 123, 124, 125, 126, 127, 128, 129, 131, 142, 144, 147, 148, 149, 150, 153, 154, 155, 156, 158, 159, 161, 162, 164, 165, 166, 168, 179, 180, 181, 183, 184, 185, 187, 188, 189, 191, 201, 202, 203, 204, 205, 207, 208, 210, 211, 212, 214, 221, 222, 223, 225, 235, 236, 237, 238, 239, 240, 242, 253, 254, 255, 256, 257, 258, 259, 260, 262, 272, 273, 274, 275, 276, 277, 279, 286, 287, 289, 297, 298, 299, 301, 302, 304, 306, 307, 308, 310, 311, 313, 314, 317, 318, 319, 321, 322, 325, 326, 327, 330, 331, 333, 336, 345, 346, 347, 349, 351, 352, 359, 365, 366, 367, 369, 370, 372, 373, 374], "excluded_lines": [], "functions": {"StorageService.__init__": {"executed_lines": [], "summary": {"covered_lines": 0, "num_statements": 3, "percent_covered": 0.0, "percent_covered_display": "0", "missing_lines": 3, "excluded_lines": 0, "percent_statements_covered": 0.0, "percent_statements_covered_display": "0"}, "missing_lines": [27, 28, 29], "excluded_lines": [], "start_line": 20}, "StorageService.builtin_library_path": {"executed_lines": [], "summary": {"covered_lines": 0, "num_statements": 5, "percent_covered": 0.0, "percent_covered_display": "0", "missing_lines": 5, "excluded_lines": 0, "percent_statements_covered": 0.0, "percent_statements_covered_display": "0"}, "missing_lines": [34, 36, 37, 38, 39], "excluded_lines": [], "start_line": 32}, "StorageService.user_library_path": {"executed_lines": [], "summary": {"covered_lines": 0, "num_statements": 5, "percent_covered": 0.0, "percent_covered_display": "0", "missing_lines": 5, "excluded_lines": 0, "percent_statements_covered": 0.0, "percent_statements_covered_display": "0"}, "missing_lines": [44, 45, 46, 47, 48], "excluded_lines": [], "start_line": 42}, "StorageService.list_demos": {"executed_lines": [], "summary": {"covered_lines": 0, "num_statements": 15, "percent_covered": 0.0, "percent_covered_display": "0", "missing_lines": 15, "excluded_lines": 0, "percent_statements_covered": 0.0, "percent_statements_covered_display": "0"}, "missing_lines": [61, 64, 65, 66, 67, 68, 70, 71, 72, 75, 76, 77, 78, 81, 83], "excluded_lines": [], "start_line": 50}, "StorageService._find_demos_in_path": {"executed_lines": [], "summary": {"covered_lines": 0, "num_statements": 7, "percent_covered": 0.0, "percent_covered_display": "0", "missing_lines": 7, "excluded_lines": 0, "percent_statements_covered": 0.0, "percent_statements_covered_display": "0"}, "missing_lines": [95, 97, 98, 101, 102, 103, 105], "excluded_lines": [], "start_line": 85}, "StorageService.load_demo_metadata": {"executed_lines": [], "summary": {"covered_lines": 0, "num_statements": 11, "percent_covered": 0.0, "percent_covered_display": "0", "missing_lines": 11, "excluded_lines": 0, "percent_statements_covered": 0.0, "percent_statements_covered_display": "0"}, "missing_lines": [117, 119, 120, 121, 123, 124, 125, 126, 127, 128, 129], "excluded_lines": [], "start_line": 107}, "StorageService.save_demo": {"executed_lines": [], "summary": {"covered_lines": 0, "num_statements": 17, "percent_covered": 0.0, "percent_covered_display": "0", "missing_lines": 17, "excluded_lines": 0, "percent_statements_covered": 0.0, "percent_statements_covered_display": "0"}, "missing_lines": [142, 144, 147, 148, 149, 150, 153, 154, 155, 156, 158, 159, 161, 162, 164, 165, 166], "excluded_lines": [], "start_line": 131}, "StorageService.copy_demo": {"executed_lines": [], "summary": {"covered_lines": 0, "num_statements": 9, "percent_covered": 0.0, "percent_covered_display": "0", "missing_lines": 9, "excluded_lines": 0, "percent_statements_covered": 0.0, "percent_statements_covered_display": "0"}, "missing_lines": [179, 180, 181, 183, 184, 185, 187, 188, 189], "excluded_lines": [], "start_line": 168}, "StorageService.delete_demo": {"executed_lines": [], "summary": {"covered_lines": 0, "num_statements": 10, "percent_covered": 0.0, "percent_covered_display": "0", "missing_lines": 10, "excluded_lines": 0, "percent_statements_covered": 0.0, "percent_statements_covered_display": "0"}, "missing_lines": [201, 202, 203, 204, 205, 207, 208, 210, 211, 212], "excluded_lines": [], "start_line": 191}, "StorageService.get_output_directory": {"executed_lines": [], "summary": {"covered_lines": 0, "num_statements": 3, "percent_covered": 0.0, "percent_covered_display": "0", "missing_lines": 3, "excluded_lines": 0, "percent_statements_covered": 0.0, "percent_statements_covered_display": "0"}, "missing_lines": [221, 222, 223], "excluded_lines": [], "start_line": 214}, "StorageService.read_file": {"executed_lines": [], "summary": {"covered_lines": 0, "num_statements": 6, "percent_covered": 0.0, "percent_covered_display": "0", "missing_lines": 6, "excluded_lines": 0, "percent_statements_covered": 0.0, "percent_statements_covered_display": "0"}, "missing_lines": [235, 236, 237, 238, 239, 240], "excluded_lines": [], "start_line": 225}, "StorageService.write_file": {"executed_lines": [], "summary": {"covered_lines": 0, "num_statements": 8, "percent_covered": 0.0, "percent_covered_display": "0", "missing_lines": 8, "excluded_lines": 0, "percent_statements_covered": 0.0, "percent_statements_covered_display": "0"}, "missing_lines": [253, 254, 255, 256, 257, 258, 259, 260], "excluded_lines": [], "start_line": 242}, "StorageService.ensure_directory": {"executed_lines": [], "summary": {"covered_lines": 0, "num_statements": 6, "percent_covered": 0.0, "percent_covered_display": "0", "missing_lines": 6, "excluded_lines": 0, "percent_statements_covered": 0.0, "percent_statements_covered_display": "0"}, "missing_lines": [272, 273, 274, 275, 276, 277], "excluded_lines": [], "start_line": 262}, "StorageService.check_migration_status": {"executed_lines": [], "summary": {"covered_lines": 0, "num_statements": 2, "percent_covered": 0.0, "percent_covered_display": "0", "missing_lines": 2, "excluded_lines": 0, "percent_statements_covered": 0.0, "percent_statements_covered_display": "0"}, "missing_lines": [286, 287], "excluded_lines": [], "start_line": 279}, "StorageService.migrate_builtin_libraries": {"executed_lines": [], "summary": {"covered_lines": 0, "num_statements": 40, "percent_covered": 0.0, "percent_covered_display": "0", "missing_lines": 40, "excluded_lines": 0, "percent_statements_covered": 0.0, "percent_statements_covered_display": "0"}, "missing_lines": [297, 298, 299, 301, 302, 304, 306, 307, 308, 310, 311, 313, 314, 317, 318, 319, 321, 322, 325, 326, 327, 330, 331, 333, 336, 345, 346, 347, 349, 351, 352, 359, 365, 366, 367, 369, 370, 372, 373, 374], "excluded_lines": [], "start_line": 289}, "": {"executed_lines": [], "summary": {"covered_lines": 0, "num_statements": 25, "percent_covered": 0.0, "percent_covered_display": "0", "missing_lines": 25, "excluded_lines": 0, "percent_statements_covered": 0.0, "percent_statements_covered_display": "0"}, "missing_lines": [7, 8, 9, 10, 11, 12, 14, 17, 20, 31, 32, 41, 42, 50, 85, 107, 131, 168, 191, 214, 225, 242, 262, 279, 289], "excluded_lines": [], "start_line": 1}}, "classes": {"StorageService": {"executed_lines": [], "summary": {"covered_lines": 0, "num_statements": 147, "percent_covered": 0.0, "percent_covered_display": "0", "missing_lines": 147, "excluded_lines": 0, "percent_statements_covered": 0.0, "percent_statements_covered_display": "0"}, "missing_lines": [27, 28, 29, 34, 36, 37, 38, 39, 44, 45, 46, 47, 48, 61, 64, 65, 66, 67, 68, 70, 71, 72, 75, 76, 77, 78, 81, 83, 95, 97, 98, 101, 102, 103, 105, 117, 119, 120, 121, 123, 124, 125, 126, 127, 128, 129, 142, 144, 147, 148, 149, 150, 153, 154, 155, 156, 158, 159, 161, 162, 164, 165, 166, 179, 180, 181, 183, 184, 185, 187, 188, 189, 201, 202, 203, 204, 205, 207, 208, 210, 211, 212, 221, 222, 223, 235, 236, 237, 238, 239, 240, 253, 254, 255, 256, 257, 258, 259, 260, 272, 273, 274, 275, 276, 277, 286, 287, 297, 298, 299, 301, 302, 304, 306, 307, 308, 310, 311, 313, 314, 317, 318, 319, 321, 322, 325, 326, 327, 330, 331, 333, 336, 345, 346, 347, 349, 351, 352, 359, 365, 366, 367, 369, 370, 372, 373, 374], "excluded_lines": [], "start_line": 17}, "": {"executed_lines": [], "summary": {"covered_lines": 0, "num_statements": 25, "percent_covered": 0.0, "percent_covered_display": "0", "missing_lines": 25, "excluded_lines": 0, "percent_statements_covered": 0.0, "percent_statements_covered_display": "0"}, "missing_lines": [7, 8, 9, 10, 11, 12, 14, 17, 20, 31, 32, 41, 42, 50, 85, 107, 131, 168, 191, 214, 225, 242, 262, 279, 289], "excluded_lines": [], "start_line": 1}}}, "opendemo\\utils\\__init__.py": {"executed_lines": [], "summary": {"covered_lines": 0, "num_statements": 0, "percent_covered": 100.0, "percent_covered_display": "100", "missing_lines": 0, "excluded_lines": 0, "percent_statements_covered": 100.0, "percent_statements_covered_display": "100"}, "missing_lines": [], "excluded_lines": [], "functions": {"": {"executed_lines": [], "summary": {"covered_lines": 0, "num_statements": 0, "percent_covered": 100.0, "percent_covered_display": "100", "missing_lines": 0, "excluded_lines": 0, "percent_statements_covered": 100.0, "percent_statements_covered_display": "100"}, "missing_lines": [], "excluded_lines": [], "start_line": 1}}, "classes": {"": {"executed_lines": [], "summary": {"covered_lines": 0, "num_statements": 0, "percent_covered": 100.0, "percent_covered_display": "100", "missing_lines": 0, "excluded_lines": 0, "percent_statements_covered": 100.0, "percent_statements_covered_display": "100"}, "missing_lines": [], "excluded_lines": [], "start_line": 1}}}, "opendemo\\utils\\formatters.py": {"executed_lines": [], "summary": {"covered_lines": 0, "num_statements": 126, "percent_covered": 0.0, "percent_covered_display": "0", "missing_lines": 126, "excluded_lines": 0, "percent_statements_covered": 0.0, "percent_statements_covered_display": "0"}, "missing_lines": [7, 8, 9, 10, 11, 12, 15, 18, 20, 23, 25, 28, 30, 33, 35, 38, 45, 48, 49, 50, 53, 54, 55, 56, 57, 58, 59, 62, 63, 64, 65, 66, 68, 71, 72, 73, 74, 75, 78, 79, 80, 83, 91, 92, 93, 95, 96, 99, 100, 101, 102, 103, 104, 106, 107, 108, 109, 110, 113, 119, 127, 128, 131, 138, 140, 141, 142, 143, 144, 147, 148, 149, 150, 152, 153, 156, 165, 166, 169, 176, 177, 180, 187, 190, 197, 198, 201, 202, 203, 204, 205, 207, 208, 209, 210, 211, 212, 213, 215, 218, 219, 220, 221, 222, 223, 226, 227, 228, 229, 230, 231, 232, 233, 236, 242, 243, 244, 245, 246, 247, 250, 251, 252, 253, 254, 255], "excluded_lines": [], "functions": {"print_success": {"executed_lines": [], "summary": {"covered_lines": 0, "num_statements": 1, "percent_covered": 0.0, "percent_covered_display": "0", "missing_lines": 1, "excluded_lines": 0, "percent_statements_covered": 0.0, "percent_statements_covered_display": "0"}, "missing_lines": [20], "excluded_lines": [], "start_line": 18}, "print_error": {"executed_lines": [], "summary": {"covered_lines": 0, "num_statements": 1, "percent_covered": 0.0, "percent_covered_display": "0", "missing_lines": 1, "excluded_lines": 0, "percent_statements_covered": 0.0, "percent_statements_covered_display": "0"}, "missing_lines": [25], "excluded_lines": [], "start_line": 23}, "print_warning": {"executed_lines": [], "summary": {"covered_lines": 0, "num_statements": 1, "percent_covered": 0.0, "percent_covered_display": "0", "missing_lines": 1, "excluded_lines": 0, "percent_statements_covered": 0.0, "percent_statements_covered_display": "0"}, "missing_lines": [30], "excluded_lines": [], "start_line": 28}, "print_info": {"executed_lines": [], "summary": {"covered_lines": 0, "num_statements": 1, "percent_covered": 0.0, "percent_covered_display": "0", "missing_lines": 1, "excluded_lines": 0, "percent_statements_covered": 0.0, "percent_statements_covered_display": "0"}, "missing_lines": [35], "excluded_lines": [], "start_line": 33}, "print_demo_result": {"executed_lines": [], "summary": {"covered_lines": 0, "num_statements": 25, "percent_covered": 0.0, "percent_covered_display": "0", "missing_lines": 25, "excluded_lines": 0, "percent_statements_covered": 0.0, "percent_statements_covered_display": "0"}, "missing_lines": [45, 48, 49, 50, 53, 54, 55, 56, 57, 58, 59, 62, 63, 64, 65, 66, 68, 71, 72, 73, 74, 75, 78, 79, 80], "excluded_lines": [], "start_line": 38}, "print_search_results": {"executed_lines": [], "summary": {"covered_lines": 0, "num_statements": 20, "percent_covered": 0.0, "percent_covered_display": "0", "missing_lines": 20, "excluded_lines": 0, "percent_statements_covered": 0.0, "percent_statements_covered_display": "0"}, "missing_lines": [91, 92, 93, 95, 96, 99, 100, 101, 102, 103, 104, 106, 107, 108, 109, 110, 113, 119, 127, 128], "excluded_lines": [], "start_line": 83}, "print_config_list": {"executed_lines": [], "summary": {"covered_lines": 0, "num_statements": 4, "percent_covered": 0.0, "percent_covered_display": "0", "missing_lines": 4, "excluded_lines": 0, "percent_statements_covered": 0.0, "percent_statements_covered_display": "0"}, "missing_lines": [138, 140, 152, 153], "excluded_lines": [], "start_line": 131}, "print_config_list.print_config_dict": {"executed_lines": [], "summary": {"covered_lines": 0, "num_statements": 8, "percent_covered": 0.0, "percent_covered_display": "0", "missing_lines": 8, "excluded_lines": 0, "percent_statements_covered": 0.0, "percent_statements_covered_display": "0"}, "missing_lines": [141, 142, 143, 144, 147, 148, 149, 150], "excluded_lines": [], "start_line": 140}, "print_panel": {"executed_lines": [], "summary": {"covered_lines": 0, "num_statements": 2, "percent_covered": 0.0, "percent_covered_display": "0", "missing_lines": 2, "excluded_lines": 0, "percent_statements_covered": 0.0, "percent_statements_covered_display": "0"}, "missing_lines": [165, 166], "excluded_lines": [], "start_line": 156}, "print_markdown": {"executed_lines": [], "summary": {"covered_lines": 0, "num_statements": 2, "percent_covered": 0.0, "percent_covered_display": "0", "missing_lines": 2, "excluded_lines": 0, "percent_statements_covered": 0.0, "percent_statements_covered_display": "0"}, "missing_lines": [176, 177], "excluded_lines": [], "start_line": 169}, "print_progress": {"executed_lines": [], "summary": {"covered_lines": 0, "num_statements": 1, "percent_covered": 0.0, "percent_covered_display": "0", "missing_lines": 1, "excluded_lines": 0, "percent_statements_covered": 0.0, "percent_statements_covered_display": "0"}, "missing_lines": [187], "excluded_lines": [], "start_line": 180}, "print_library_info": {"executed_lines": [], "summary": {"covered_lines": 0, "num_statements": 42, "percent_covered": 0.0, "percent_covered_display": "0", "missing_lines": 42, "excluded_lines": 0, "percent_statements_covered": 0.0, "percent_statements_covered_display": "0"}, "missing_lines": [197, 198, 201, 202, 203, 204, 205, 207, 208, 209, 210, 211, 212, 213, 215, 218, 219, 220, 221, 222, 223, 226, 227, 228, 229, 230, 231, 232, 233, 236, 242, 243, 244, 245, 246, 247, 250, 251, 252, 253, 254, 255], "excluded_lines": [], "start_line": 190}, "": {"executed_lines": [], "summary": {"covered_lines": 0, "num_statements": 18, "percent_covered": 0.0, "percent_covered_display": "0", "missing_lines": 18, "excluded_lines": 0, "percent_statements_covered": 0.0, "percent_statements_covered_display": "0"}, "missing_lines": [7, 8, 9, 10, 11, 12, 15, 18, 23, 28, 33, 38, 83, 131, 156, 169, 180, 190], "excluded_lines": [], "start_line": 1}}, "classes": {"": {"executed_lines": [], "summary": {"covered_lines": 0, "num_statements": 126, "percent_covered": 0.0, "percent_covered_display": "0", "missing_lines": 126, "excluded_lines": 0, "percent_statements_covered": 0.0, "percent_statements_covered_display": "0"}, "missing_lines": [7, 8, 9, 10, 11, 12, 15, 18, 20, 23, 25, 28, 30, 33, 35, 38, 45, 48, 49, 50, 53, 54, 55, 56, 57, 58, 59, 62, 63, 64, 65, 66, 68, 71, 72, 73, 74, 75, 78, 79, 80, 83, 91, 92, 93, 95, 96, 99, 100, 101, 102, 103, 104, 106, 107, 108, 109, 110, 113, 119, 127, 128, 131, 138, 140, 141, 142, 143, 144, 147, 148, 149, 150, 152, 153, 156, 165, 166, 169, 176, 177, 180, 187, 190, 197, 198, 201, 202, 203, 204, 205, 207, 208, 209, 210, 211, 212, 213, 215, 218, 219, 220, 221, 222, 223, 226, 227, 228, 229, 230, 231, 232, 233, 236, 242, 243, 244, 245, 246, 247, 250, 251, 252, 253, 254, 255], "excluded_lines": [], "start_line": 1}}}, "opendemo\\utils\\logger.py": {"executed_lines": [7, 8, 9, 10, 13, 62, 64], "summary": {"covered_lines": 7, "num_statements": 24, "percent_covered": 29.166666666666668, "percent_covered_display": "29", "missing_lines": 17, "excluded_lines": 0, "percent_statements_covered": 29.166666666666668, "percent_statements_covered_display": "29"}, "missing_lines": [25, 26, 29, 30, 33, 39, 40, 41, 42, 45, 46, 47, 49, 55, 56, 57, 59], "excluded_lines": [], "functions": {"setup_logger": {"executed_lines": [], "summary": {"covered_lines": 0, "num_statements": 17, "percent_covered": 0.0, "percent_covered_display": "0", "missing_lines": 17, "excluded_lines": 0, "percent_statements_covered": 0.0, "percent_statements_covered_display": "0"}, "missing_lines": [25, 26, 29, 30, 33, 39, 40, 41, 42, 45, 46, 47, 49, 55, 56, 57, 59], "excluded_lines": [], "start_line": 13}, "get_logger": {"executed_lines": [64], "summary": {"covered_lines": 1, "num_statements": 1, "percent_covered": 100.0, "percent_covered_display": "100", "missing_lines": 0, "excluded_lines": 0, "percent_statements_covered": 100.0, "percent_statements_covered_display": "100"}, "missing_lines": [], "excluded_lines": [], "start_line": 62}, "": {"executed_lines": [7, 8, 9, 10, 13, 62], "summary": {"covered_lines": 6, "num_statements": 6, "percent_covered": 100.0, "percent_covered_display": "100", "missing_lines": 0, "excluded_lines": 0, "percent_statements_covered": 100.0, "percent_statements_covered_display": "100"}, "missing_lines": [], "excluded_lines": [], "start_line": 1}}, "classes": {"": {"executed_lines": [7, 8, 9, 10, 13, 62, 64], "summary": {"covered_lines": 7, "num_statements": 24, "percent_covered": 29.166666666666668, "percent_covered_display": "29", "missing_lines": 17, "excluded_lines": 0, "percent_statements_covered": 29.166666666666668, "percent_statements_covered_display": "29"}, "missing_lines": [25, 26, 29, 30, 33, 39, 40, 41, 42, 45, 46, 47, 49, 55, 56, 57, 59], "excluded_lines": [], "start_line": 1}}}}, "totals": {"covered_lines": 345, "num_statements": 2103, "percent_covered": 16.405135520684738, "percent_covered_display": "16", "missing_lines": 1758, "excluded_lines": 1, "percent_statements_covered": 16.405135520684738, "percent_statements_covered_display": "16"}}